2023-12-24 06:25:28 | INFO    | __main__:stash:131 | run - {'image': '20231121', 'version': '0.10.1.post2', 'role': 'EpicPlayer', 'headless': True}
2023-12-24 06:25:36 | INFO    | __main__:claim_epic_games:97 | Try to flush cookie - {'task': 'claim_epic_games'}
2023-12-24 06:25:38 | INFO    | epic_games.agent:_login:237 | login-with-email - {'url': 'https://www.epicgames.com/id/login?lang=en-US&noHostRedirect=true&redirectUrl=https://store.epicgames.com/en-US/free-games'}
2023-12-24 06:25:42 | DEBUG    | epic_games.agent:insert_challenge:215 | Attack challenge - {'stage': 'email_exists_prod'}
2023-12-24 06:25:42 | DEBUG    | hcaptcha_challenger.agents.playwright.control:_parse_label:241 | get task - {'prompt': 'Please click each image containing a plant'}
2023-12-24 06:25:44 | DEBUG    | hcaptcha_challenger.agents.playwright.control:_catch_all_binary_challenge:474 | handle task - {'unsupervised': 'binary', 'candidate_labels': ['This is a picture that looks like plant.', "This is a picture that don't look like plant."], 'prompt': 'Please click each image containing a plant', 'timit': '0.973s'}
2023-12-24 06:25:52 | DEBUG    | epic_games.agent:insert_challenge:218 | Parse result - {'stage': 'email_exists_prod', 'result': <Status.CHALLENGE_RETRY: 'retry'>}
2023-12-24 06:25:56 | DEBUG    | hcaptcha_challenger.agents.playwright.control:_parse_label:241 | get task - {'prompt': 'Please click each image containing a plant'}
2023-12-24 06:25:57 | DEBUG    | hcaptcha_challenger.agents.playwright.control:_catch_all_binary_challenge:474 | handle task - {'unsupervised': 'binary', 'candidate_labels': ['This is a picture that looks like plant.', "This is a picture that don't look like plant."], 'prompt': 'Please click each image containing a plant', 'timit': '0.737s'}
2023-12-24 06:26:11 | DEBUG    | epic_games.agent:insert_challenge:218 | Parse result - {'stage': 'email_exists_prod', 'result': <Status.CHALLENGE_RETRY: 'retry'>}
2023-12-24 06:26:22 | DEBUG    | hcaptcha_challenger.agents.playwright.control:_parse_label:241 | get task - {'prompt': 'Please click each image containing a polar bear'}
2023-12-24 06:26:23 | DEBUG    | hcaptcha_challenger.agents.playwright.control:_catch_all_binary_challenge:474 | handle task - {'unsupervised': 'binary', 'candidate_labels': ['This is a picture that looks like polar bear.', "This is a picture that don't look like polar bear."], 'prompt': 'Please click each image containing a polar bear', 'timit': '0.693s'}
2023-12-24 06:26:33 | DEBUG    | epic_games.agent:insert_challenge:218 | Parse result - {'stage': 'email_exists_prod', 'result': <Status.CHALLENGE_RETRY: 'retry'>}
2023-12-24 06:26:38 | DEBUG    | hcaptcha_challenger.agents.playwright.control:_parse_label:241 | get task - {'prompt': 'Please click each image containing a polar bear'}
2023-12-24 06:26:39 | DEBUG    | hcaptcha_challenger.agents.playwright.control:_catch_all_binary_challenge:474 | handle task - {'unsupervised': 'binary', 'candidate_labels': ['This is a picture that looks like polar bear.', "This is a picture that don't look like polar bear."], 'prompt': 'Please click each image containing a polar bear', 'timit': '0.665s'}
2023-12-24 06:26:51 | DEBUG    | epic_games.agent:insert_challenge:218 | Parse result - {'stage': 'email_exists_prod', 'result': <Status.CHALLENGE_RETRY: 'retry'>}
2023-12-24 06:26:54 | DEBUG    | hcaptcha_challenger.agents.playwright.control:_parse_label:241 | get task - {'prompt': 'Please click each image containing a polar bear'}
2023-12-24 06:26:55 | DEBUG    | hcaptcha_challenger.agents.playwright.control:_catch_all_binary_challenge:474 | handle task - {'unsupervised': 'binary', 'candidate_labels': ['This is a picture that looks like polar bear.', "This is a picture that don't look like polar bear."], 'prompt': 'Please click each image containing a polar bear', 'timit': '0.694s'}
2023-12-24 06:27:07 | DEBUG    | epic_games.agent:insert_challenge:218 | Parse result - {'stage': 'email_exists_prod', 'result': <Status.CHALLENGE_RETRY: 'retry'>}
2023-12-24 06:27:16 | DEBUG    | hcaptcha_challenger.agents.playwright.control:_parse_label:241 | get task - {'prompt': 'Please click each image containing an object used in garden'}
2023-12-24 06:27:17 | DEBUG    | hcaptcha_challenger.agents.playwright.control:_catch_all_binary_challenge:474 | handle task - {'unsupervised': 'binary', 'candidate_labels': ['This is a picture that looks like object used in garden.', "This is a picture that don't look like object used in garden."], 'prompt': 'Please click each image containing an object used in garden', 'timit': '0.650s'}
2023-12-24 06:27:28 | DEBUG    | epic_games.agent:insert_challenge:218 | Parse result - {'stage': 'email_exists_prod', 'result': <Status.CHALLENGE_SUCCESS: 'success'>}
2023-12-24 06:27:33 | DEBUG    | epic_games.agent:insert_challenge:209 | Attack challenge - {'stage': 'login_prod'}
2023-12-24 06:27:33 | DEBUG    | hcaptcha_challenger.agents.playwright.control:_parse_label:241 | get task - {'prompt': 'Ρlease click each image containing a polar bear'}
2023-12-24 06:27:34 | DEBUG    | hcaptcha_challenger.agents.playwright.control:_catch_all_binary_challenge:474 | handle task - {'unsupervised': 'binary', 'candidate_labels': ['This is a picture that looks like polar bear.', "This is a picture that don't look like polar bear."], 'prompt': 'Ρlease click each image containing a polar bear', 'timit': '0.734s'}
2023-12-24 06:27:44 | DEBUG    | epic_games.agent:insert_challenge:218 | Parse result - {'stage': 'login_prod', 'result': <Status.CHALLENGE_RETRY: 'retry'>}
2023-12-24 06:27:55 | DEBUG    | hcaptcha_challenger.agents.playwright.control:_parse_label:241 | get task - {'prompt': 'Please cliсk each image containing a polar bear'}
2023-12-24 06:27:55 | DEBUG    | hcaptcha_challenger.agents.playwright.control:_catch_all_binary_challenge:474 | handle task - {'unsupervised': 'binary', 'candidate_labels': ['This is a picture that looks like polar bear.', "This is a picture that don't look like polar bear."], 'prompt': 'Please cliсk each image containing a polar bear', 'timit': '0.721s'}
2023-12-24 06:28:09 | DEBUG    | epic_games.agent:insert_challenge:218 | Parse result - {'stage': 'login_prod', 'result': <Status.CHALLENGE_RETRY: 'retry'>}
2023-12-24 06:28:18 | DEBUG    | hcaptcha_challenger.agents.playwright.control:_parse_label:241 | get task - {'prompt': 'Please click each image containing an object used in garden'}
2023-12-24 06:28:19 | DEBUG    | hcaptcha_challenger.agents.playwright.control:_catch_all_binary_challenge:474 | handle task - {'unsupervised': 'binary', 'candidate_labels': ['This is a picture that looks like object used in garden.', "This is a picture that don't look like object used in garden."], 'prompt': 'Please click each image containing an object used in garden', 'timit': '0.689s'}
2023-12-24 06:28:30 | DEBUG    | epic_games.agent:insert_challenge:218 | Parse result - {'stage': 'login_prod', 'result': <Status.CHALLENGE_RETRY: 'retry'>}
2023-12-24 06:28:36 | DEBUG    | hcaptcha_challenger.agents.playwright.control:_parse_label:241 | get task - {'prompt': 'Please click each іmage containіng a рolar bear'}
2023-12-24 06:28:37 | DEBUG    | hcaptcha_challenger.agents.playwright.control:_catch_all_binary_challenge:474 | handle task - {'unsupervised': 'binary', 'candidate_labels': ['This is a picture that looks like polar bear.', "This is a picture that don't look like polar bear."], 'prompt': 'Please click each іmage containіng a рolar bear', 'timit': '0.695s'}
2023-12-24 06:28:49 | DEBUG    | epic_games.agent:insert_challenge:218 | Parse result - {'stage': 'login_prod', 'result': <Status.CHALLENGE_RETRY: 'retry'>}
2023-12-24 06:28:53 | DEBUG    | hcaptcha_challenger.agents.playwright.control:_parse_label:241 | get task - {'prompt': 'Plеaѕe click each image containіng a polar bear'}
2023-12-24 06:28:54 | DEBUG    | hcaptcha_challenger.agents.playwright.control:_catch_all_binary_challenge:474 | handle task - {'unsupervised': 'binary', 'candidate_labels': ['This is a picture that looks like polar bear.', "This is a picture that don't look like polar bear."], 'prompt': 'Plеaѕe click each image containіng a polar bear', 'timit': '0.691s'}
2023-12-24 06:29:07 | DEBUG    | epic_games.agent:insert_challenge:218 | Parse result - {'stage': 'login_prod', 'result': <Status.CHALLENGE_RETRY: 'retry'>}
2023-12-24 06:29:11 | DEBUG    | hcaptcha_challenger.agents.playwright.control:_parse_label:241 | get task - {'prompt': 'Please сlick eaсһ image сontaining a рolar bear'}
2023-12-24 06:29:11 | DEBUG    | hcaptcha_challenger.agents.playwright.control:_catch_all_binary_challenge:474 | handle task - {'unsupervised': 'binary', 'candidate_labels': ['This is a picture that looks like polar bear.', "This is a picture that don't look like polar bear."], 'prompt': 'Please сlick eaсһ image сontaining a рolar bear', 'timit': '0.706s'}
2023-12-24 06:29:23 | DEBUG    | epic_games.agent:insert_challenge:218 | Parse result - {'stage': 'login_prod', 'result': <Status.CHALLENGE_RETRY: 'retry'>}
2023-12-24 06:29:27 | DEBUG    | hcaptcha_challenger.agents.playwright.control:_parse_label:241 | get task - {'prompt': 'Please click each image containing a polar bear'}
2023-12-24 06:29:28 | DEBUG    | hcaptcha_challenger.agents.playwright.control:_catch_all_binary_challenge:474 | handle task - {'unsupervised': 'binary', 'candidate_labels': ['This is a picture that looks like polar bear.', "This is a picture that don't look like polar bear."], 'prompt': 'Please click each image containing a polar bear', 'timit': '0.703s'}
2023-12-24 06:29:38 | DEBUG    | epic_games.agent:insert_challenge:218 | Parse result - {'stage': 'login_prod', 'result': <Status.CHALLENGE_RETRY: 'retry'>}
2023-12-24 06:29:42 | DEBUG    | hcaptcha_challenger.agents.playwright.control:_parse_label:241 | get task - {'prompt': 'Pleaѕe click each image containing a рolar bear'}
2023-12-24 06:29:43 | DEBUG    | hcaptcha_challenger.agents.playwright.control:_catch_all_binary_challenge:474 | handle task - {'unsupervised': 'binary', 'candidate_labels': ['This is a picture that looks like polar bear.', "This is a picture that don't look like polar bear."], 'prompt': 'Pleaѕe click each image containing a рolar bear', 'timit': '0.692s'}
2023-12-24 06:29:55 | DEBUG    | epic_games.agent:insert_challenge:218 | Parse result - {'stage': 'login_prod', 'result': <Status.CHALLENGE_RETRY: 'retry'>}
2023-12-24 06:30:00 | DEBUG    | hcaptcha_challenger.agents.playwright.control:_parse_label:241 | get task - {'prompt': 'Please сliсk on the object that is different'}
2023-12-24 06:30:05 | DEBUG    | epic_games.agent:insert_challenge:218 | Parse result - {'stage': 'login_prod', 'result': <Status.CHALLENGE_RETRY: 'retry'>}
2023-12-24 06:30:11 | DEBUG    | hcaptcha_challenger.agents.playwright.control:_parse_label:241 | get task - {'prompt': 'Ρleaѕe click each image containing a polar bear'}
2023-12-24 06:30:12 | DEBUG    | hcaptcha_challenger.agents.playwright.control:_catch_all_binary_challenge:474 | handle task - {'unsupervised': 'binary', 'candidate_labels': ['This is a picture that looks like polar bear.', "This is a picture that don't look like polar bear."], 'prompt': 'Ρleaѕe click each image containing a polar bear', 'timit': '0.686s'}
2023-12-24 06:30:26 | DEBUG    | epic_games.agent:insert_challenge:218 | Parse result - {'stage': 'login_prod', 'result': <Status.CHALLENGE_RETRY: 'retry'>}
2023-12-24 06:30:29 | DEBUG    | hcaptcha_challenger.agents.playwright.control:_parse_label:241 | get task - {'prompt': 'Ρlease click each image containing a polаr bear'}
2023-12-24 06:30:30 | DEBUG    | hcaptcha_challenger.agents.playwright.control:_catch_all_binary_challenge:474 | handle task - {'unsupervised': 'binary', 'candidate_labels': ['This is a picture that looks like polar bear.', "This is a picture that don't look like polar bear."], 'prompt': 'Ρlease click each image containing a polаr bear', 'timit': '0.710s'}
2023-12-24 06:30:40 | DEBUG    | epic_games.agent:insert_challenge:218 | Parse result - {'stage': 'login_prod', 'result': <Status.CHALLENGE_RETRY: 'retry'>}
2023-12-24 06:30:43 | DEBUG    | hcaptcha_challenger.agents.playwright.control:_parse_label:241 | get task - {'prompt': 'Pleaѕe click each image containing a рlant'}
2023-12-24 06:30:44 | DEBUG    | hcaptcha_challenger.agents.playwright.control:_catch_all_binary_challenge:474 | handle task - {'unsupervised': 'binary', 'candidate_labels': ['This is a picture that looks like plant.', "This is a picture that don't look like plant."], 'prompt': 'Pleaѕe click each image containing a рlant', 'timit': '0.695s'}
2023-12-24 06:30:52 | DEBUG    | epic_games.agent:insert_challenge:218 | Parse result - {'stage': 'login_prod', 'result': <Status.CHALLENGE_RETRY: 'retry'>}
2023-12-24 06:30:57 | DEBUG    | hcaptcha_challenger.agents.playwright.control:_parse_label:241 | get task - {'prompt': 'Pleaѕe click each image containing a polar bear'}
2023-12-24 06:30:58 | DEBUG    | hcaptcha_challenger.agents.playwright.control:_catch_all_binary_challenge:474 | handle task - {'unsupervised': 'binary', 'candidate_labels': ['This is a picture that looks like polar bear.', "This is a picture that don't look like polar bear."], 'prompt': 'Pleaѕe click each image containing a polar bear', 'timit': '0.717s'}
2023-12-24 06:31:09 | DEBUG    | epic_games.agent:insert_challenge:218 | Parse result - {'stage': 'login_prod', 'result': <Status.CHALLENGE_RETRY: 'retry'>}
2023-12-24 06:31:13 | DEBUG    | hcaptcha_challenger.agents.playwright.control:_parse_label:241 | get task - {'prompt': 'Please сlick each image containing a plant'}
2023-12-24 06:31:14 | DEBUG    | hcaptcha_challenger.agents.playwright.control:_catch_all_binary_challenge:474 | handle task - {'unsupervised': 'binary', 'candidate_labels': ['This is a picture that looks like plant.', "This is a picture that don't look like plant."], 'prompt': 'Please сlick each image containing a plant', 'timit': '0.706s'}
2023-12-24 06:31:22 | DEBUG    | epic_games.agent:insert_challenge:218 | Parse result - {'stage': 'login_prod', 'result': <Status.CHALLENGE_SUCCESS: 'success'>}
2023-12-24 06:31:25 | SUCCESS    | epic_games.agent:_login:253 | login - {'result': 'Successfully refreshed tokens'}
2023-12-24 06:31:35 | SUCCESS    | epic_games.agent:flush_token:280 | flush_token - {'path': PosixPath('/home/runner/work/epic_/epic_/epic/user_data_dir/epic-games@646129678/ctx_cookie.json')}
2023-12-24 06:31:35 | DEBUG    | __main__:create_tasks:66 | Put task - {'title': 'Fallout 3: Game of the Year Edition', 'url': 'https://store.epicgames.com/en-US/p/fallout-3-game-of-the-year-edition'}
2023-12-24 06:31:35 | INFO    | epic_games.agent:claim_weekly_games:294 | claim_weekly_games - {'action': 'go to store', 'url': 'https://store.epicgames.com/en-US/p/fallout-3-game-of-the-year-edition'}
2023-12-24 06:31:42 | INFO    | epic_games.agent:claim_weekly_games:326 | claim_weekly_games - {'action': 'move to webPurchaseContainer iframe'}
2023-12-24 06:31:44 | INFO    | epic_games.agent:claim_weekly_games:328 | claim_weekly_games - {'action': 'click payment button'}
2023-12-24 06:31:49 | DEBUG    | hcaptcha_challenger.agents.playwright.control:_parse_label:241 | get task - {'prompt': 'Pleasе click οn thе οbject that is different'}
2023-12-24 06:31:55 | DEBUG    | epic_games.agent:insert_challenge:106 | task done - {'sattus': 'success'}
2023-12-24 06:32:27 | INFO    | epic_games.agent:claim_weekly_games:294 | claim_weekly_games - {'action': 'go to store', 'url': 'https://store.epicgames.com/en-US/p/fallout-3-game-of-the-year-edition'}
2023-12-24 06:32:36 | INFO    | epic_games.agent:claim_weekly_games:326 | claim_weekly_games - {'action': 'move to webPurchaseContainer iframe'}
2023-12-24 06:32:38 | INFO    | epic_games.agent:claim_weekly_games:328 | claim_weekly_games - {'action': 'click payment button'}
2023-12-24 06:32:43 | DEBUG    | hcaptcha_challenger.agents.playwright.control:_parse_label:241 | get task - {'prompt': 'Please click eacһ image containing a polar bear'}
2023-12-24 06:32:44 | DEBUG    | hcaptcha_challenger.agents.playwright.control:_catch_all_binary_challenge:474 | handle task - {'unsupervised': 'binary', 'candidate_labels': ['This is a picture that looks like polar bear.', "This is a picture that don't look like polar bear."], 'prompt': 'Please click eacһ image containing a polar bear', 'timit': '0.737s'}
2023-12-24 06:32:54 | DEBUG    | epic_games.agent:insert_challenge:106 | task done - {'sattus': 'success'}
2023-12-24 06:33:26 | INFO    | epic_games.agent:claim_weekly_games:294 | claim_weekly_games - {'action': 'go to store', 'url': 'https://store.epicgames.com/en-US/p/fallout-3-game-of-the-year-edition'}
2023-12-24 06:33:35 | INFO    | epic_games.agent:claim_weekly_games:326 | claim_weekly_games - {'action': 'move to webPurchaseContainer iframe'}
2023-12-24 06:33:37 | INFO    | epic_games.agent:claim_weekly_games:328 | claim_weekly_games - {'action': 'click payment button'}
2023-12-24 06:33:42 | DEBUG    | hcaptcha_challenger.agents.playwright.control:_parse_label:241 | get task - {'prompt': 'Please click each image containing a polar bear'}
2023-12-24 06:33:43 | DEBUG    | hcaptcha_challenger.agents.playwright.control:_catch_all_binary_challenge:474 | handle task - {'unsupervised': 'binary', 'candidate_labels': ['This is a picture that looks like polar bear.', "This is a picture that don't look like polar bear."], 'prompt': 'Please click each image containing a polar bear', 'timit': '0.682s'}
2023-12-24 06:33:53 | DEBUG    | epic_games.agent:insert_challenge:106 | task done - {'sattus': 'success'}
2023-12-24 06:34:25 | ERROR    | __main__:run:158 | An error has been caught in function 'run', process 'MainProcess' (3648), thread 'MainThread' (139671700913024): - {}
Traceback (most recent call last):
  File "/home/runner/work/epic_/epic_/epic/src/claim.py", line 151, in stash
    await self.claim_epic_games(context)
  File "/home/runner/work/epic_/epic_/epic/src/claim.py", line 122, in claim_epic_games
    await epic.claim_weekly_games(page, single_promotions)
  File "/opt/hostedtoolcache/Python/3.10.13/x64/lib/python3.10/site-packages/tenacity/_asyncio.py", line 88, in async_wrapped
    return await fn(*args, **kwargs)
  File "/opt/hostedtoolcache/Python/3.10.13/x64/lib/python3.10/site-packages/tenacity/_asyncio.py", line 47, in __call__
    do = self.iter(retry_state=retry_state)
  File "/opt/hostedtoolcache/Python/3.10.13/x64/lib/python3.10/site-packages/tenacity/__init__.py", line 325, in iter
    raise retry_exc.reraise()
  File "/opt/hostedtoolcache/Python/3.10.13/x64/lib/python3.10/site-packages/tenacity/__init__.py", line 158, in reraise
    raise self.last_attempt.result()
  File "/opt/hostedtoolcache/Python/3.10.13/x64/lib/python3.10/concurrent/futures/_base.py", line 451, in result
    return self.__get_result()
  File "/opt/hostedtoolcache/Python/3.10.13/x64/lib/python3.10/concurrent/futures/_base.py", line 403, in __get_result
    raise self._exception
  File "/opt/hostedtoolcache/Python/3.10.13/x64/lib/python3.10/site-packages/tenacity/_asyncio.py", line 50, in __call__
    result = await fn(*args, **kwargs)
  File "/home/runner/work/epic_/epic_/epic/src/epic_games/agent.py", line 338, in claim_weekly_games
    await page.wait_for_url(recur_url)
  File "/opt/hostedtoolcache/Python/3.10.13/x64/lib/python3.10/site-packages/playwright/async_api/_generated.py", line 9417, in wait_for_url
    await self._impl_obj.wait_for_url(
  File "/opt/hostedtoolcache/Python/3.10.13/x64/lib/python3.10/site-packages/playwright/_impl/_page.py", line 499, in wait_for_url
    return await self._main_frame.wait_for_url(**locals_to_params(locals()))
  File "/opt/hostedtoolcache/Python/3.10.13/x64/lib/python3.10/site-packages/playwright/_impl/_frame.py", line 227, in wait_for_url
    async with self.expect_navigation(
  File "/opt/hostedtoolcache/Python/3.10.13/x64/lib/python3.10/site-packages/playwright/_impl/_event_context_manager.py", line 33, in __aexit__
    await self._future
  File "/opt/hostedtoolcache/Python/3.10.13/x64/lib/python3.10/site-packages/playwright/_impl/_frame.py", line 202, in continuation
    event = await waiter.result()
playwright._impl._errors.TimeoutError: Timeout 30000ms exceeded.
=========================== logs ===========================
waiting for navigation to "https://store.epicgames.com/en-US/cart/success" until 'load'
============================================================

During handling of the above exception, another exception occurred:

Traceback (most recent call last):
  File "/home/runner/work/epic_/epic_/epic/src/claim.py", line 162, in <module>
    asyncio.run(run())
  File "/opt/hostedtoolcache/Python/3.10.13/x64/lib/python3.10/asyncio/runners.py", line 44, in run
    return loop.run_until_complete(main)
  File "/opt/hostedtoolcache/Python/3.10.13/x64/lib/python3.10/asyncio/base_events.py", line 636, in run_until_complete
    self.run_forever()
  File "/opt/hostedtoolcache/Python/3.10.13/x64/lib/python3.10/asyncio/base_events.py", line 603, in run_forever
    self._run_once()
  File "/opt/hostedtoolcache/Python/3.10.13/x64/lib/python3.10/asyncio/base_events.py", line 1909, in _run_once
    handle._run()
  File "/opt/hostedtoolcache/Python/3.10.13/x64/lib/python3.10/asyncio/events.py", line 80, in _run
    self._context.run(self._callback, *self._args)
> File "/home/runner/work/epic_/epic_/epic/src/claim.py", line 158, in run
    await agent.stash()
  File "/home/runner/work/epic_/epic_/epic/src/claim.py", line 139, in stash
    async with async_playwright() as p:
  File "/opt/hostedtoolcache/Python/3.10.13/x64/lib/python3.10/site-packages/playwright/async_api/_context_manager.py", line 58, in __aexit__
    await self._connection.stop_async()
  File "/opt/hostedtoolcache/Python/3.10.13/x64/lib/python3.10/site-packages/playwright/_impl/_connection.py", line 288, in stop_async
    self.cleanup()
  File "/opt/hostedtoolcache/Python/3.10.13/x64/lib/python3.10/site-packages/playwright/_impl/_connection.py", line 299, in cleanup
    callback.future.set_exception(self._closed_error)
asyncio.exceptions.InvalidStateError: invalid state
