{"text": "2024-01-20 06:27:07 | INFO    | __main__:stash:131 | run - {'image': '20231121', 'version': '0.10.1.post2', 'role': 'EpicPlayer', 'headless': True}\n", "record": {"elapsed": {"repr": "0:00:01.510169", "seconds": 1.510169}, "exception": null, "extra": {"image": "20231121", "version": "0.10.1.post2", "role": "EpicPlayer", "headless": true}, "file": {"name": "claim.py", "path": "/home/runner/work/epic_/epic_/epic/src/claim.py"}, "function": "stash", "level": {"icon": "‚ÑπÔ∏è", "name": "INFO", "no": 20}, "line": 131, "message": "run", "module": "claim", "name": "__main__", "process": {"id": 3629, "name": "MainProcess"}, "thread": {"id": 140625985211264, "name": "MainThread"}, "time": {"repr": "2024-01-20 06:27:07.428668+08:00", "timestamp": 1705703227.428668}}}
{"text": "2024-01-20 06:27:13 | WARNING    | epic_games.agent:get_order_history:467 | Failed to get order history, cookie may have expired - {}\n", "record": {"elapsed": {"repr": "0:00:07.131735", "seconds": 7.131735}, "exception": null, "extra": {}, "file": {"name": "agent.py", "path": "/home/runner/work/epic_/epic_/epic/src/epic_games/agent.py"}, "function": "get_order_history", "level": {"icon": "‚ö†Ô∏è", "name": "WARNING", "no": 30}, "line": 467, "message": "Failed to get order history, cookie may have expired", "module": "agent", "name": "epic_games.agent", "process": {"id": 3629, "name": "MainProcess"}, "thread": {"id": 140625985211264, "name": "MainThread"}, "time": {"repr": "2024-01-20 06:27:13.050234+08:00", "timestamp": 1705703233.050234}}}
{"text": "2024-01-20 06:27:13 | DEBUG    | __main__:create_tasks:66 | Put task - {'title': 'LOVE', 'url': 'https://store.epicgames.com/en-US/p/love-65c4d0'}\n", "record": {"elapsed": {"repr": "0:00:07.422349", "seconds": 7.422349}, "exception": null, "extra": {"title": "LOVE", "url": "https://store.epicgames.com/en-US/p/love-65c4d0"}, "file": {"name": "claim.py", "path": "/home/runner/work/epic_/epic_/epic/src/claim.py"}, "function": "create_tasks", "level": {"icon": "üêû", "name": "DEBUG", "no": 10}, "line": 66, "message": "Put task", "module": "claim", "name": "__main__", "process": {"id": 3629, "name": "MainProcess"}, "thread": {"id": 140625985211264, "name": "MainThread"}, "time": {"repr": "2024-01-20 06:27:13.340848+08:00", "timestamp": 1705703233.340848}}}
{"text": "2024-01-20 06:27:17 | INFO    | epic_games.agent:claim_weekly_games:294 | claim_weekly_games - {'action': 'go to store', 'url': 'https://store.epicgames.com/en-US/p/love-65c4d0'}\n", "record": {"elapsed": {"repr": "0:00:11.668959", "seconds": 11.668959}, "exception": null, "extra": {"action": "go to store", "url": "https://store.epicgames.com/en-US/p/love-65c4d0"}, "file": {"name": "agent.py", "path": "/home/runner/work/epic_/epic_/epic/src/epic_games/agent.py"}, "function": "claim_weekly_games", "level": {"icon": "‚ÑπÔ∏è", "name": "INFO", "no": 20}, "line": 294, "message": "claim_weekly_games", "module": "agent", "name": "epic_games.agent", "process": {"id": 3629, "name": "MainProcess"}, "thread": {"id": 140625985211264, "name": "MainThread"}, "time": {"repr": "2024-01-20 06:27:17.587458+08:00", "timestamp": 1705703237.587458}}}
{"text": "2024-01-20 06:27:26 | INFO    | epic_games.agent:claim_weekly_games:326 | claim_weekly_games - {'action': 'move to webPurchaseContainer iframe'}\n", "record": {"elapsed": {"repr": "0:00:20.723192", "seconds": 20.723192}, "exception": null, "extra": {"action": "move to webPurchaseContainer iframe"}, "file": {"name": "agent.py", "path": "/home/runner/work/epic_/epic_/epic/src/epic_games/agent.py"}, "function": "claim_weekly_games", "level": {"icon": "‚ÑπÔ∏è", "name": "INFO", "no": 20}, "line": 326, "message": "claim_weekly_games", "module": "agent", "name": "epic_games.agent", "process": {"id": 3629, "name": "MainProcess"}, "thread": {"id": 140625985211264, "name": "MainThread"}, "time": {"repr": "2024-01-20 06:27:26.641691+08:00", "timestamp": 1705703246.641691}}}
{"text": "2024-01-20 06:27:29 | INFO    | epic_games.agent:claim_weekly_games:328 | claim_weekly_games - {'action': 'click payment button'}\n", "record": {"elapsed": {"repr": "0:00:23.103599", "seconds": 23.103599}, "exception": null, "extra": {"action": "click payment button"}, "file": {"name": "agent.py", "path": "/home/runner/work/epic_/epic_/epic/src/epic_games/agent.py"}, "function": "claim_weekly_games", "level": {"icon": "‚ÑπÔ∏è", "name": "INFO", "no": 20}, "line": 328, "message": "claim_weekly_games", "module": "agent", "name": "epic_games.agent", "process": {"id": 3629, "name": "MainProcess"}, "thread": {"id": 140625985211264, "name": "MainThread"}, "time": {"repr": "2024-01-20 06:27:29.022098+08:00", "timestamp": 1705703249.022098}}}
{"text": "2024-01-20 06:27:34 | DEBUG    | hcaptcha_challenger.agents.playwright.control:_parse_label:241 | get task - {'prompt': 'Please click each image containing a motor vehicle'}\n", "record": {"elapsed": {"repr": "0:00:28.107259", "seconds": 28.107259}, "exception": null, "extra": {"prompt": "Please click each image containing a motor vehicle"}, "file": {"name": "control.py", "path": "/opt/hostedtoolcache/Python/3.10.13/x64/lib/python3.10/site-packages/hcaptcha_challenger/agents/playwright/control.py"}, "function": "_parse_label", "level": {"icon": "üêû", "name": "DEBUG", "no": 10}, "line": 241, "message": "get task", "module": "control", "name": "hcaptcha_challenger.agents.playwright.control", "process": {"id": 3629, "name": "MainProcess"}, "thread": {"id": 140625985211264, "name": "MainThread"}, "time": {"repr": "2024-01-20 06:27:34.025758+08:00", "timestamp": 1705703254.025758}}}
{"text": "2024-01-20 06:27:34 | DEBUG    | hcaptcha_challenger.agents.playwright.control:_match_model:251 | handle task - {'match_model': 'resnet', 'prompt': 'Please click each image containing a motor vehicle'}\n", "record": {"elapsed": {"repr": "0:00:28.449368", "seconds": 28.449368}, "exception": null, "extra": {"match_model": "resnet", "prompt": "Please click each image containing a motor vehicle"}, "file": {"name": "control.py", "path": "/opt/hostedtoolcache/Python/3.10.13/x64/lib/python3.10/site-packages/hcaptcha_challenger/agents/playwright/control.py"}, "function": "_match_model", "level": {"icon": "üêû", "name": "DEBUG", "no": 10}, "line": 251, "message": "handle task", "module": "control", "name": "hcaptcha_challenger.agents.playwright.control", "process": {"id": 3629, "name": "MainProcess"}, "thread": {"id": 140625985211264, "name": "MainThread"}, "time": {"repr": "2024-01-20 06:27:34.367867+08:00", "timestamp": 1705703254.367867}}}
{"text": "2024-01-20 06:27:36 | DEBUG    | epic_games.agent:insert_challenge:106 | task done - {'sattus': 'success'}\n", "record": {"elapsed": {"repr": "0:00:30.853194", "seconds": 30.853194}, "exception": null, "extra": {"sattus": "success"}, "file": {"name": "agent.py", "path": "/home/runner/work/epic_/epic_/epic/src/epic_games/agent.py"}, "function": "insert_challenge", "level": {"icon": "üêû", "name": "DEBUG", "no": 10}, "line": 106, "message": "task done", "module": "agent", "name": "epic_games.agent", "process": {"id": 3629, "name": "MainProcess"}, "thread": {"id": 140625985211264, "name": "MainThread"}, "time": {"repr": "2024-01-20 06:27:36.771693+08:00", "timestamp": 1705703256.771693}}}
{"text": "2024-01-20 06:28:08 | INFO    | epic_games.agent:claim_weekly_games:294 | claim_weekly_games - {'action': 'go to store', 'url': 'https://store.epicgames.com/en-US/p/love-65c4d0'}\n", "record": {"elapsed": {"repr": "0:01:03.039391", "seconds": 63.039391}, "exception": null, "extra": {"action": "go to store", "url": "https://store.epicgames.com/en-US/p/love-65c4d0"}, "file": {"name": "agent.py", "path": "/home/runner/work/epic_/epic_/epic/src/epic_games/agent.py"}, "function": "claim_weekly_games", "level": {"icon": "‚ÑπÔ∏è", "name": "INFO", "no": 20}, "line": 294, "message": "claim_weekly_games", "module": "agent", "name": "epic_games.agent", "process": {"id": 3629, "name": "MainProcess"}, "thread": {"id": 140625985211264, "name": "MainThread"}, "time": {"repr": "2024-01-20 06:28:08.957890+08:00", "timestamp": 1705703288.95789}}}
{"text": "2024-01-20 06:28:17 | INFO    | epic_games.agent:claim_weekly_games:326 | claim_weekly_games - {'action': 'move to webPurchaseContainer iframe'}\n", "record": {"elapsed": {"repr": "0:01:11.458583", "seconds": 71.458583}, "exception": null, "extra": {"action": "move to webPurchaseContainer iframe"}, "file": {"name": "agent.py", "path": "/home/runner/work/epic_/epic_/epic/src/epic_games/agent.py"}, "function": "claim_weekly_games", "level": {"icon": "‚ÑπÔ∏è", "name": "INFO", "no": 20}, "line": 326, "message": "claim_weekly_games", "module": "agent", "name": "epic_games.agent", "process": {"id": 3629, "name": "MainProcess"}, "thread": {"id": 140625985211264, "name": "MainThread"}, "time": {"repr": "2024-01-20 06:28:17.377082+08:00", "timestamp": 1705703297.377082}}}
{"text": "2024-01-20 06:28:19 | INFO    | epic_games.agent:claim_weekly_games:328 | claim_weekly_games - {'action': 'click payment button'}\n", "record": {"elapsed": {"repr": "0:01:13.862365", "seconds": 73.862365}, "exception": null, "extra": {"action": "click payment button"}, "file": {"name": "agent.py", "path": "/home/runner/work/epic_/epic_/epic/src/epic_games/agent.py"}, "function": "claim_weekly_games", "level": {"icon": "‚ÑπÔ∏è", "name": "INFO", "no": 20}, "line": 328, "message": "claim_weekly_games", "module": "agent", "name": "epic_games.agent", "process": {"id": 3629, "name": "MainProcess"}, "thread": {"id": 140625985211264, "name": "MainThread"}, "time": {"repr": "2024-01-20 06:28:19.780864+08:00", "timestamp": 1705703299.780864}}}
{"text": "2024-01-20 06:28:24 | DEBUG    | hcaptcha_challenger.agents.playwright.control:_parse_label:241 | get task - {'prompt': 'Please click ea—Åh image containing a mean of transportation'}\n", "record": {"elapsed": {"repr": "0:01:18.864868", "seconds": 78.864868}, "exception": null, "extra": {"prompt": "Please click ea—Åh image containing a mean of transportation"}, "file": {"name": "control.py", "path": "/opt/hostedtoolcache/Python/3.10.13/x64/lib/python3.10/site-packages/hcaptcha_challenger/agents/playwright/control.py"}, "function": "_parse_label", "level": {"icon": "üêû", "name": "DEBUG", "no": 10}, "line": 241, "message": "get task", "module": "control", "name": "hcaptcha_challenger.agents.playwright.control", "process": {"id": 3629, "name": "MainProcess"}, "thread": {"id": 140625985211264, "name": "MainThread"}, "time": {"repr": "2024-01-20 06:28:24.783367+08:00", "timestamp": 1705703304.783367}}}
{"text": "2024-01-20 06:28:25 | DEBUG    | hcaptcha_challenger.agents.playwright.control:_catch_all_binary_challenge:474 | handle task - {'unsupervised': 'binary', 'candidate_labels': ['This is a picture that looks like mean of transportation.', \"This is a picture that don't look like mean of transportation.\"], 'prompt': 'Please click ea—Åh image containing a mean of transportation', 'timit': '0.931s'}\n", "record": {"elapsed": {"repr": "0:01:19.969892", "seconds": 79.969892}, "exception": null, "extra": {"unsupervised": "binary", "candidate_labels": ["This is a picture that looks like mean of transportation.", "This is a picture that don't look like mean of transportation."], "prompt": "Please click ea—Åh image containing a mean of transportation", "timit": "0.931s"}, "file": {"name": "control.py", "path": "/opt/hostedtoolcache/Python/3.10.13/x64/lib/python3.10/site-packages/hcaptcha_challenger/agents/playwright/control.py"}, "function": "_catch_all_binary_challenge", "level": {"icon": "üêû", "name": "DEBUG", "no": 10}, "line": 474, "message": "handle task", "module": "control", "name": "hcaptcha_challenger.agents.playwright.control", "process": {"id": 3629, "name": "MainProcess"}, "thread": {"id": 140625985211264, "name": "MainThread"}, "time": {"repr": "2024-01-20 06:28:25.888391+08:00", "timestamp": 1705703305.888391}}}
{"text": "2024-01-20 06:28:34 | DEBUG    | epic_games.agent:insert_challenge:106 | task done - {'sattus': 'success'}\n", "record": {"elapsed": {"repr": "0:01:28.094968", "seconds": 88.094968}, "exception": null, "extra": {"sattus": "success"}, "file": {"name": "agent.py", "path": "/home/runner/work/epic_/epic_/epic/src/epic_games/agent.py"}, "function": "insert_challenge", "level": {"icon": "üêû", "name": "DEBUG", "no": 10}, "line": 106, "message": "task done", "module": "agent", "name": "epic_games.agent", "process": {"id": 3629, "name": "MainProcess"}, "thread": {"id": 140625985211264, "name": "MainThread"}, "time": {"repr": "2024-01-20 06:28:34.013467+08:00", "timestamp": 1705703314.013467}}}
{"text": "2024-01-20 06:29:06 | INFO    | epic_games.agent:claim_weekly_games:294 | claim_weekly_games - {'action': 'go to store', 'url': 'https://store.epicgames.com/en-US/p/love-65c4d0'}\n", "record": {"elapsed": {"repr": "0:02:00.275467", "seconds": 120.275467}, "exception": null, "extra": {"action": "go to store", "url": "https://store.epicgames.com/en-US/p/love-65c4d0"}, "file": {"name": "agent.py", "path": "/home/runner/work/epic_/epic_/epic/src/epic_games/agent.py"}, "function": "claim_weekly_games", "level": {"icon": "‚ÑπÔ∏è", "name": "INFO", "no": 20}, "line": 294, "message": "claim_weekly_games", "module": "agent", "name": "epic_games.agent", "process": {"id": 3629, "name": "MainProcess"}, "thread": {"id": 140625985211264, "name": "MainThread"}, "time": {"repr": "2024-01-20 06:29:06.193966+08:00", "timestamp": 1705703346.193966}}}
{"text": "2024-01-20 06:29:14 | INFO    | epic_games.agent:claim_weekly_games:326 | claim_weekly_games - {'action': 'move to webPurchaseContainer iframe'}\n", "record": {"elapsed": {"repr": "0:02:08.668292", "seconds": 128.668292}, "exception": null, "extra": {"action": "move to webPurchaseContainer iframe"}, "file": {"name": "agent.py", "path": "/home/runner/work/epic_/epic_/epic/src/epic_games/agent.py"}, "function": "claim_weekly_games", "level": {"icon": "‚ÑπÔ∏è", "name": "INFO", "no": 20}, "line": 326, "message": "claim_weekly_games", "module": "agent", "name": "epic_games.agent", "process": {"id": 3629, "name": "MainProcess"}, "thread": {"id": 140625985211264, "name": "MainThread"}, "time": {"repr": "2024-01-20 06:29:14.586791+08:00", "timestamp": 1705703354.586791}}}
{"text": "2024-01-20 06:29:16 | INFO    | epic_games.agent:claim_weekly_games:328 | claim_weekly_games - {'action': 'click payment button'}\n", "record": {"elapsed": {"repr": "0:02:11.057138", "seconds": 131.057138}, "exception": null, "extra": {"action": "click payment button"}, "file": {"name": "agent.py", "path": "/home/runner/work/epic_/epic_/epic/src/epic_games/agent.py"}, "function": "claim_weekly_games", "level": {"icon": "‚ÑπÔ∏è", "name": "INFO", "no": 20}, "line": 328, "message": "claim_weekly_games", "module": "agent", "name": "epic_games.agent", "process": {"id": 3629, "name": "MainProcess"}, "thread": {"id": 140625985211264, "name": "MainThread"}, "time": {"repr": "2024-01-20 06:29:16.975637+08:00", "timestamp": 1705703356.975637}}}
{"text": "2024-01-20 06:29:21 | DEBUG    | hcaptcha_challenger.agents.playwright.control:_parse_label:241 | get task - {'prompt': 'Œ°lease cl—ñck at the treasure spot'}\n", "record": {"elapsed": {"repr": "0:02:16.059495", "seconds": 136.059495}, "exception": null, "extra": {"prompt": "Œ°lease cl—ñck at the treasure spot"}, "file": {"name": "control.py", "path": "/opt/hostedtoolcache/Python/3.10.13/x64/lib/python3.10/site-packages/hcaptcha_challenger/agents/playwright/control.py"}, "function": "_parse_label", "level": {"icon": "üêû", "name": "DEBUG", "no": 10}, "line": 241, "message": "get task", "module": "control", "name": "hcaptcha_challenger.agents.playwright.control", "process": {"id": 3629, "name": "MainProcess"}, "thread": {"id": 140625985211264, "name": "MainThread"}, "time": {"repr": "2024-01-20 06:29:21.977994+08:00", "timestamp": 1705703361.977994}}}
{"text": "2024-01-20 06:29:23 | DEBUG    | hcaptcha_challenger.agents.playwright.control:lookup_objects:317 | handle task - {'catch_model': 'treasurechest2309_yolov8n.onnx', 'ash': 'œÅlease click at the treasure spot default'}\n", "record": {"elapsed": {"repr": "0:02:17.764241", "seconds": 137.764241}, "exception": null, "extra": {"catch_model": "treasurechest2309_yolov8n.onnx", "ash": "œÅlease click at the treasure spot default"}, "file": {"name": "control.py", "path": "/opt/hostedtoolcache/Python/3.10.13/x64/lib/python3.10/site-packages/hcaptcha_challenger/agents/playwright/control.py"}, "function": "lookup_objects", "level": {"icon": "üêû", "name": "DEBUG", "no": 10}, "line": 317, "message": "handle task", "module": "control", "name": "hcaptcha_challenger.agents.playwright.control", "process": {"id": 3629, "name": "MainProcess"}, "thread": {"id": 140625985211264, "name": "MainThread"}, "time": {"repr": "2024-01-20 06:29:23.682740+08:00", "timestamp": 1705703363.68274}}}
{"text": "2024-01-20 06:29:27 | DEBUG    | epic_games.agent:insert_challenge:106 | task done - {'sattus': 'success'}\n", "record": {"elapsed": {"repr": "0:02:21.916764", "seconds": 141.916764}, "exception": null, "extra": {"sattus": "success"}, "file": {"name": "agent.py", "path": "/home/runner/work/epic_/epic_/epic/src/epic_games/agent.py"}, "function": "insert_challenge", "level": {"icon": "üêû", "name": "DEBUG", "no": 10}, "line": 106, "message": "task done", "module": "agent", "name": "epic_games.agent", "process": {"id": 3629, "name": "MainProcess"}, "thread": {"id": 140625985211264, "name": "MainThread"}, "time": {"repr": "2024-01-20 06:29:27.835263+08:00", "timestamp": 1705703367.835263}}}
{"text": "2024-01-20 06:29:59 | ERROR    | __main__:run:158 | An error has been caught in function 'run', process 'MainProcess' (3629), thread 'MainThread' (140625985211264): - {}\nTraceback (most recent call last):\n  File \"/home/runner/work/epic_/epic_/epic/src/claim.py\", line 151, in stash\n    await self.claim_epic_games(context)\n  File \"/home/runner/work/epic_/epic_/epic/src/claim.py\", line 122, in claim_epic_games\n    await epic.claim_weekly_games(page, single_promotions)\n  File \"/opt/hostedtoolcache/Python/3.10.13/x64/lib/python3.10/site-packages/tenacity/_asyncio.py\", line 88, in async_wrapped\n    return await fn(*args, **kwargs)\n  File \"/opt/hostedtoolcache/Python/3.10.13/x64/lib/python3.10/site-packages/tenacity/_asyncio.py\", line 47, in __call__\n    do = self.iter(retry_state=retry_state)\n  File \"/opt/hostedtoolcache/Python/3.10.13/x64/lib/python3.10/site-packages/tenacity/__init__.py\", line 325, in iter\n    raise retry_exc.reraise()\n  File \"/opt/hostedtoolcache/Python/3.10.13/x64/lib/python3.10/site-packages/tenacity/__init__.py\", line 158, in reraise\n    raise self.last_attempt.result()\n  File \"/opt/hostedtoolcache/Python/3.10.13/x64/lib/python3.10/concurrent/futures/_base.py\", line 451, in result\n    return self.__get_result()\n  File \"/opt/hostedtoolcache/Python/3.10.13/x64/lib/python3.10/concurrent/futures/_base.py\", line 403, in __get_result\n    raise self._exception\n  File \"/opt/hostedtoolcache/Python/3.10.13/x64/lib/python3.10/site-packages/tenacity/_asyncio.py\", line 50, in __call__\n    result = await fn(*args, **kwargs)\n  File \"/home/runner/work/epic_/epic_/epic/src/epic_games/agent.py\", line 338, in claim_weekly_games\n    await page.wait_for_url(recur_url)\n  File \"/opt/hostedtoolcache/Python/3.10.13/x64/lib/python3.10/site-packages/playwright/async_api/_generated.py\", line 9432, in wait_for_url\n    await self._impl_obj.wait_for_url(\n  File \"/opt/hostedtoolcache/Python/3.10.13/x64/lib/python3.10/site-packages/playwright/_impl/_page.py\", line 508, in wait_for_url\n    return await self._main_frame.wait_for_url(**locals_to_params(locals()))\n  File \"/opt/hostedtoolcache/Python/3.10.13/x64/lib/python3.10/site-packages/playwright/_impl/_frame.py\", line 237, in wait_for_url\n    async with self.expect_navigation(\n  File \"/opt/hostedtoolcache/Python/3.10.13/x64/lib/python3.10/site-packages/playwright/_impl/_event_context_manager.py\", line 33, in __aexit__\n    await self._future\n  File \"/opt/hostedtoolcache/Python/3.10.13/x64/lib/python3.10/site-packages/playwright/_impl/_frame.py\", line 212, in continuation\n    event = await waiter.result()\nplaywright._impl._errors.TimeoutError: Timeout 30000ms exceeded.\n=========================== logs ===========================\nwaiting for navigation to \"https://store.epicgames.com/en-US/cart/success\" until 'load'\n============================================================\n\nDuring handling of the above exception, another exception occurred:\n\nTraceback (most recent call last):\n  File \"/home/runner/work/epic_/epic_/epic/src/claim.py\", line 162, in <module>\n    asyncio.run(run())\n  File \"/opt/hostedtoolcache/Python/3.10.13/x64/lib/python3.10/asyncio/runners.py\", line 44, in run\n    return loop.run_until_complete(main)\n  File \"/opt/hostedtoolcache/Python/3.10.13/x64/lib/python3.10/asyncio/base_events.py\", line 636, in run_until_complete\n    self.run_forever()\n  File \"/opt/hostedtoolcache/Python/3.10.13/x64/lib/python3.10/asyncio/base_events.py\", line 603, in run_forever\n    self._run_once()\n  File \"/opt/hostedtoolcache/Python/3.10.13/x64/lib/python3.10/asyncio/base_events.py\", line 1909, in _run_once\n    handle._run()\n  File \"/opt/hostedtoolcache/Python/3.10.13/x64/lib/python3.10/asyncio/events.py\", line 80, in _run\n    self._context.run(self._callback, *self._args)\n> File \"/home/runner/work/epic_/epic_/epic/src/claim.py\", line 158, in run\n    await agent.stash()\n  File \"/home/runner/work/epic_/epic_/epic/src/claim.py\", line 139, in stash\n    async with async_playwright() as p:\n  File \"/opt/hostedtoolcache/Python/3.10.13/x64/lib/python3.10/site-packages/playwright/async_api/_context_manager.py\", line 58, in __aexit__\n    await self._connection.stop_async()\n  File \"/opt/hostedtoolcache/Python/3.10.13/x64/lib/python3.10/site-packages/playwright/_impl/_connection.py\", line 289, in stop_async\n    self.cleanup()\n  File \"/opt/hostedtoolcache/Python/3.10.13/x64/lib/python3.10/site-packages/playwright/_impl/_connection.py\", line 300, in cleanup\n    callback.future.set_exception(self._closed_error)\nasyncio.exceptions.InvalidStateError: invalid state\n", "record": {"elapsed": {"repr": "0:02:53.772120", "seconds": 173.77212}, "exception": {"type": "InvalidStateError", "value": "invalid state", "traceback": true}, "extra": {}, "file": {"name": "claim.py", "path": "/home/runner/work/epic_/epic_/epic/src/claim.py"}, "function": "run", "level": {"icon": "‚ùå", "name": "ERROR", "no": 40}, "line": 158, "message": "An error has been caught in function 'run', process 'MainProcess' (3629), thread 'MainThread' (140625985211264):", "module": "claim", "name": "__main__", "process": {"id": 3629, "name": "MainProcess"}, "thread": {"id": 140625985211264, "name": "MainThread"}, "time": {"repr": "2024-01-20 06:29:59.690619+08:00", "timestamp": 1705703399.690619}}}
