{"text": "2024-01-08 06:26:22 | INFO    | __main__:stash:131 | run - {'image': '20231121', 'version': '0.10.1.post2', 'role': 'EpicPlayer', 'headless': True}\n", "record": {"elapsed": {"repr": "0:00:01.295096", "seconds": 1.295096}, "exception": null, "extra": {"image": "20231121", "version": "0.10.1.post2", "role": "EpicPlayer", "headless": true}, "file": {"name": "claim.py", "path": "/home/runner/work/epic_/epic_/epic/src/claim.py"}, "function": "stash", "level": {"icon": "‚ÑπÔ∏è", "name": "INFO", "no": 20}, "line": 131, "message": "run", "module": "claim", "name": "__main__", "process": {"id": 3625, "name": "MainProcess"}, "thread": {"id": 140692561800064, "name": "MainThread"}, "time": {"repr": "2024-01-08 06:26:22.007878+08:00", "timestamp": 1704666382.007878}}}
{"text": "2024-01-08 06:26:26 | DEBUG    | __main__:create_tasks:66 | Put task - {'title': \"Marvel's Guardians of the Galaxy\", 'url': 'https://store.epicgames.com/en-US/p/marvels-guardians-of-the-galaxy'}\n", "record": {"elapsed": {"repr": "0:00:06.223779", "seconds": 6.223779}, "exception": null, "extra": {"title": "Marvel's Guardians of the Galaxy", "url": "https://store.epicgames.com/en-US/p/marvels-guardians-of-the-galaxy"}, "file": {"name": "claim.py", "path": "/home/runner/work/epic_/epic_/epic/src/claim.py"}, "function": "create_tasks", "level": {"icon": "üêû", "name": "DEBUG", "no": 10}, "line": 66, "message": "Put task", "module": "claim", "name": "__main__", "process": {"id": 3625, "name": "MainProcess"}, "thread": {"id": 140692561800064, "name": "MainThread"}, "time": {"repr": "2024-01-08 06:26:26.936561+08:00", "timestamp": 1704666386.936561}}}
{"text": "2024-01-08 06:26:31 | INFO    | epic_games.agent:claim_weekly_games:294 | claim_weekly_games - {'action': 'go to store', 'url': 'https://store.epicgames.com/en-US/p/marvels-guardians-of-the-galaxy'}\n", "record": {"elapsed": {"repr": "0:00:10.461032", "seconds": 10.461032}, "exception": null, "extra": {"action": "go to store", "url": "https://store.epicgames.com/en-US/p/marvels-guardians-of-the-galaxy"}, "file": {"name": "agent.py", "path": "/home/runner/work/epic_/epic_/epic/src/epic_games/agent.py"}, "function": "claim_weekly_games", "level": {"icon": "‚ÑπÔ∏è", "name": "INFO", "no": 20}, "line": 294, "message": "claim_weekly_games", "module": "agent", "name": "epic_games.agent", "process": {"id": 3625, "name": "MainProcess"}, "thread": {"id": 140692561800064, "name": "MainThread"}, "time": {"repr": "2024-01-08 06:26:31.173814+08:00", "timestamp": 1704666391.173814}}}
{"text": "2024-01-08 06:26:37 | INFO    | epic_games.agent:claim_weekly_games:326 | claim_weekly_games - {'action': 'move to webPurchaseContainer iframe'}\n", "record": {"elapsed": {"repr": "0:00:16.637338", "seconds": 16.637338}, "exception": null, "extra": {"action": "move to webPurchaseContainer iframe"}, "file": {"name": "agent.py", "path": "/home/runner/work/epic_/epic_/epic/src/epic_games/agent.py"}, "function": "claim_weekly_games", "level": {"icon": "‚ÑπÔ∏è", "name": "INFO", "no": 20}, "line": 326, "message": "claim_weekly_games", "module": "agent", "name": "epic_games.agent", "process": {"id": 3625, "name": "MainProcess"}, "thread": {"id": 140692561800064, "name": "MainThread"}, "time": {"repr": "2024-01-08 06:26:37.350120+08:00", "timestamp": 1704666397.35012}}}
{"text": "2024-01-08 06:26:39 | INFO    | epic_games.agent:claim_weekly_games:328 | claim_weekly_games - {'action': 'click payment button'}\n", "record": {"elapsed": {"repr": "0:00:19.023132", "seconds": 19.023132}, "exception": null, "extra": {"action": "click payment button"}, "file": {"name": "agent.py", "path": "/home/runner/work/epic_/epic_/epic/src/epic_games/agent.py"}, "function": "claim_weekly_games", "level": {"icon": "‚ÑπÔ∏è", "name": "INFO", "no": 20}, "line": 328, "message": "claim_weekly_games", "module": "agent", "name": "epic_games.agent", "process": {"id": 3625, "name": "MainProcess"}, "thread": {"id": 140692561800064, "name": "MainThread"}, "time": {"repr": "2024-01-08 06:26:39.735914+08:00", "timestamp": 1704666399.735914}}}
{"text": "2024-01-08 06:26:44 | DEBUG    | hcaptcha_challenger.agents.playwright.control:_parse_label:241 | get task - {'prompt': \"Please —Ålick on the rabbit's eye\"}\n", "record": {"elapsed": {"repr": "0:00:24.025766", "seconds": 24.025766}, "exception": null, "extra": {"prompt": "Please —Ålick on the rabbit's eye"}, "file": {"name": "control.py", "path": "/opt/hostedtoolcache/Python/3.10.13/x64/lib/python3.10/site-packages/hcaptcha_challenger/agents/playwright/control.py"}, "function": "_parse_label", "level": {"icon": "üêû", "name": "DEBUG", "no": 10}, "line": 241, "message": "get task", "module": "control", "name": "hcaptcha_challenger.agents.playwright.control", "process": {"id": 3625, "name": "MainProcess"}, "thread": {"id": 140692561800064, "name": "MainThread"}, "time": {"repr": "2024-01-08 06:26:44.738548+08:00", "timestamp": 1704666404.738548}}}
{"text": "2024-01-08 06:26:49 | DEBUG    | epic_games.agent:insert_challenge:106 | task done - {'sattus': 'success'}\n", "record": {"elapsed": {"repr": "0:00:29.016375", "seconds": 29.016375}, "exception": null, "extra": {"sattus": "success"}, "file": {"name": "agent.py", "path": "/home/runner/work/epic_/epic_/epic/src/epic_games/agent.py"}, "function": "insert_challenge", "level": {"icon": "üêû", "name": "DEBUG", "no": 10}, "line": 106, "message": "task done", "module": "agent", "name": "epic_games.agent", "process": {"id": 3625, "name": "MainProcess"}, "thread": {"id": 140692561800064, "name": "MainThread"}, "time": {"repr": "2024-01-08 06:26:49.729157+08:00", "timestamp": 1704666409.729157}}}
{"text": "2024-01-08 06:27:21 | INFO    | epic_games.agent:claim_weekly_games:294 | claim_weekly_games - {'action': 'go to store', 'url': 'https://store.epicgames.com/en-US/p/marvels-guardians-of-the-galaxy'}\n", "record": {"elapsed": {"repr": "0:01:01.192568", "seconds": 61.192568}, "exception": null, "extra": {"action": "go to store", "url": "https://store.epicgames.com/en-US/p/marvels-guardians-of-the-galaxy"}, "file": {"name": "agent.py", "path": "/home/runner/work/epic_/epic_/epic/src/epic_games/agent.py"}, "function": "claim_weekly_games", "level": {"icon": "‚ÑπÔ∏è", "name": "INFO", "no": 20}, "line": 294, "message": "claim_weekly_games", "module": "agent", "name": "epic_games.agent", "process": {"id": 3625, "name": "MainProcess"}, "thread": {"id": 140692561800064, "name": "MainThread"}, "time": {"repr": "2024-01-08 06:27:21.905350+08:00", "timestamp": 1704666441.90535}}}
{"text": "2024-01-08 06:27:30 | INFO    | epic_games.agent:claim_weekly_games:326 | claim_weekly_games - {'action': 'move to webPurchaseContainer iframe'}\n", "record": {"elapsed": {"repr": "0:01:09.840743", "seconds": 69.840743}, "exception": null, "extra": {"action": "move to webPurchaseContainer iframe"}, "file": {"name": "agent.py", "path": "/home/runner/work/epic_/epic_/epic/src/epic_games/agent.py"}, "function": "claim_weekly_games", "level": {"icon": "‚ÑπÔ∏è", "name": "INFO", "no": 20}, "line": 326, "message": "claim_weekly_games", "module": "agent", "name": "epic_games.agent", "process": {"id": 3625, "name": "MainProcess"}, "thread": {"id": 140692561800064, "name": "MainThread"}, "time": {"repr": "2024-01-08 06:27:30.553525+08:00", "timestamp": 1704666450.553525}}}
{"text": "2024-01-08 06:27:32 | INFO    | epic_games.agent:claim_weekly_games:328 | claim_weekly_games - {'action': 'click payment button'}\n", "record": {"elapsed": {"repr": "0:01:12.236630", "seconds": 72.23663}, "exception": null, "extra": {"action": "click payment button"}, "file": {"name": "agent.py", "path": "/home/runner/work/epic_/epic_/epic/src/epic_games/agent.py"}, "function": "claim_weekly_games", "level": {"icon": "‚ÑπÔ∏è", "name": "INFO", "no": 20}, "line": 328, "message": "claim_weekly_games", "module": "agent", "name": "epic_games.agent", "process": {"id": 3625, "name": "MainProcess"}, "thread": {"id": 140692561800064, "name": "MainThread"}, "time": {"repr": "2024-01-08 06:27:32.949412+08:00", "timestamp": 1704666452.949412}}}
{"text": "2024-01-08 06:27:37 | DEBUG    | hcaptcha_challenger.agents.playwright.control:_parse_label:241 | get task - {'prompt': 'Œ°lease click each image containing a hous–µ'}\n", "record": {"elapsed": {"repr": "0:01:17.239015", "seconds": 77.239015}, "exception": null, "extra": {"prompt": "Œ°lease click each image containing a hous–µ"}, "file": {"name": "control.py", "path": "/opt/hostedtoolcache/Python/3.10.13/x64/lib/python3.10/site-packages/hcaptcha_challenger/agents/playwright/control.py"}, "function": "_parse_label", "level": {"icon": "üêû", "name": "DEBUG", "no": 10}, "line": 241, "message": "get task", "module": "control", "name": "hcaptcha_challenger.agents.playwright.control", "process": {"id": 3625, "name": "MainProcess"}, "thread": {"id": 140692561800064, "name": "MainThread"}, "time": {"repr": "2024-01-08 06:27:37.951797+08:00", "timestamp": 1704666457.951797}}}
{"text": "2024-01-08 06:27:39 | DEBUG    | hcaptcha_challenger.agents.playwright.control:_catch_all_binary_challenge:474 | handle task - {'unsupervised': 'binary', 'candidate_labels': ['This is a picture that looks like house.', \"This is a picture that don't look like house.\"], 'prompt': 'Œ°lease click each image containing a hous–µ', 'timit': '0.917s'}\n", "record": {"elapsed": {"repr": "0:01:18.288746", "seconds": 78.288746}, "exception": null, "extra": {"unsupervised": "binary", "candidate_labels": ["This is a picture that looks like house.", "This is a picture that don't look like house."], "prompt": "Œ°lease click each image containing a hous–µ", "timit": "0.917s"}, "file": {"name": "control.py", "path": "/opt/hostedtoolcache/Python/3.10.13/x64/lib/python3.10/site-packages/hcaptcha_challenger/agents/playwright/control.py"}, "function": "_catch_all_binary_challenge", "level": {"icon": "üêû", "name": "DEBUG", "no": 10}, "line": 474, "message": "handle task", "module": "control", "name": "hcaptcha_challenger.agents.playwright.control", "process": {"id": 3625, "name": "MainProcess"}, "thread": {"id": 140692561800064, "name": "MainThread"}, "time": {"repr": "2024-01-08 06:27:39.001528+08:00", "timestamp": 1704666459.001528}}}
{"text": "2024-01-08 06:27:50 | DEBUG    | epic_games.agent:insert_challenge:106 | task done - {'sattus': 'success'}\n", "record": {"elapsed": {"repr": "0:01:30.067124", "seconds": 90.067124}, "exception": null, "extra": {"sattus": "success"}, "file": {"name": "agent.py", "path": "/home/runner/work/epic_/epic_/epic/src/epic_games/agent.py"}, "function": "insert_challenge", "level": {"icon": "üêû", "name": "DEBUG", "no": 10}, "line": 106, "message": "task done", "module": "agent", "name": "epic_games.agent", "process": {"id": 3625, "name": "MainProcess"}, "thread": {"id": 140692561800064, "name": "MainThread"}, "time": {"repr": "2024-01-08 06:27:50.779906+08:00", "timestamp": 1704666470.779906}}}
{"text": "2024-01-08 06:28:22 | INFO    | epic_games.agent:claim_weekly_games:294 | claim_weekly_games - {'action': 'go to store', 'url': 'https://store.epicgames.com/en-US/p/marvels-guardians-of-the-galaxy'}\n", "record": {"elapsed": {"repr": "0:02:02.239476", "seconds": 122.239476}, "exception": null, "extra": {"action": "go to store", "url": "https://store.epicgames.com/en-US/p/marvels-guardians-of-the-galaxy"}, "file": {"name": "agent.py", "path": "/home/runner/work/epic_/epic_/epic/src/epic_games/agent.py"}, "function": "claim_weekly_games", "level": {"icon": "‚ÑπÔ∏è", "name": "INFO", "no": 20}, "line": 294, "message": "claim_weekly_games", "module": "agent", "name": "epic_games.agent", "process": {"id": 3625, "name": "MainProcess"}, "thread": {"id": 140692561800064, "name": "MainThread"}, "time": {"repr": "2024-01-08 06:28:22.952258+08:00", "timestamp": 1704666502.952258}}}
{"text": "2024-01-08 06:28:32 | INFO    | epic_games.agent:claim_weekly_games:326 | claim_weekly_games - {'action': 'move to webPurchaseContainer iframe'}\n", "record": {"elapsed": {"repr": "0:02:11.289340", "seconds": 131.28934}, "exception": null, "extra": {"action": "move to webPurchaseContainer iframe"}, "file": {"name": "agent.py", "path": "/home/runner/work/epic_/epic_/epic/src/epic_games/agent.py"}, "function": "claim_weekly_games", "level": {"icon": "‚ÑπÔ∏è", "name": "INFO", "no": 20}, "line": 326, "message": "claim_weekly_games", "module": "agent", "name": "epic_games.agent", "process": {"id": 3625, "name": "MainProcess"}, "thread": {"id": 140692561800064, "name": "MainThread"}, "time": {"repr": "2024-01-08 06:28:32.002122+08:00", "timestamp": 1704666512.002122}}}
{"text": "2024-01-08 06:28:34 | INFO    | epic_games.agent:claim_weekly_games:328 | claim_weekly_games - {'action': 'click payment button'}\n", "record": {"elapsed": {"repr": "0:02:13.692341", "seconds": 133.692341}, "exception": null, "extra": {"action": "click payment button"}, "file": {"name": "agent.py", "path": "/home/runner/work/epic_/epic_/epic/src/epic_games/agent.py"}, "function": "claim_weekly_games", "level": {"icon": "‚ÑπÔ∏è", "name": "INFO", "no": 20}, "line": 328, "message": "claim_weekly_games", "module": "agent", "name": "epic_games.agent", "process": {"id": 3625, "name": "MainProcess"}, "thread": {"id": 140692561800064, "name": "MainThread"}, "time": {"repr": "2024-01-08 06:28:34.405123+08:00", "timestamp": 1704666514.405123}}}
{"text": "2024-01-08 06:28:39 | DEBUG    | hcaptcha_challenger.agents.playwright.control:_parse_label:241 | get task - {'prompt': 'Pleas–µ click on all images of the heaviest animal species'}\n", "record": {"elapsed": {"repr": "0:02:18.694440", "seconds": 138.69444}, "exception": null, "extra": {"prompt": "Pleas–µ click on all images of the heaviest animal species"}, "file": {"name": "control.py", "path": "/opt/hostedtoolcache/Python/3.10.13/x64/lib/python3.10/site-packages/hcaptcha_challenger/agents/playwright/control.py"}, "function": "_parse_label", "level": {"icon": "üêû", "name": "DEBUG", "no": 10}, "line": 241, "message": "get task", "module": "control", "name": "hcaptcha_challenger.agents.playwright.control", "process": {"id": 3625, "name": "MainProcess"}, "thread": {"id": 140692561800064, "name": "MainThread"}, "time": {"repr": "2024-01-08 06:28:39.407222+08:00", "timestamp": 1704666519.407222}}}
{"text": "2024-01-08 06:28:40 | DEBUG    | hcaptcha_challenger.agents.playwright.control:_catch_all_binary_challenge:474 | handle task - {'unsupervised': 'binary', 'candidate_labels': ['This is a picture that looks like please click on all images of the heaviest animal species.', \"This is a picture that don't look like please click on all images of the heaviest animal species.\"], 'prompt': 'Pleas–µ click on all images of the heaviest animal species', 'timit': '0.764s'}\n", "record": {"elapsed": {"repr": "0:02:19.651658", "seconds": 139.651658}, "exception": null, "extra": {"unsupervised": "binary", "candidate_labels": ["This is a picture that looks like please click on all images of the heaviest animal species.", "This is a picture that don't look like please click on all images of the heaviest animal species."], "prompt": "Pleas–µ click on all images of the heaviest animal species", "timit": "0.764s"}, "file": {"name": "control.py", "path": "/opt/hostedtoolcache/Python/3.10.13/x64/lib/python3.10/site-packages/hcaptcha_challenger/agents/playwright/control.py"}, "function": "_catch_all_binary_challenge", "level": {"icon": "üêû", "name": "DEBUG", "no": 10}, "line": 474, "message": "handle task", "module": "control", "name": "hcaptcha_challenger.agents.playwright.control", "process": {"id": 3625, "name": "MainProcess"}, "thread": {"id": 140692561800064, "name": "MainThread"}, "time": {"repr": "2024-01-08 06:28:40.364440+08:00", "timestamp": 1704666520.36444}}}
{"text": "2024-01-08 06:28:50 | DEBUG    | epic_games.agent:insert_challenge:106 | task done - {'sattus': 'success'}\n", "record": {"elapsed": {"repr": "0:02:29.546532", "seconds": 149.546532}, "exception": null, "extra": {"sattus": "success"}, "file": {"name": "agent.py", "path": "/home/runner/work/epic_/epic_/epic/src/epic_games/agent.py"}, "function": "insert_challenge", "level": {"icon": "üêû", "name": "DEBUG", "no": 10}, "line": 106, "message": "task done", "module": "agent", "name": "epic_games.agent", "process": {"id": 3625, "name": "MainProcess"}, "thread": {"id": 140692561800064, "name": "MainThread"}, "time": {"repr": "2024-01-08 06:28:50.259314+08:00", "timestamp": 1704666530.259314}}}
{"text": "2024-01-08 06:29:22 | ERROR    | __main__:run:158 | An error has been caught in function 'run', process 'MainProcess' (3625), thread 'MainThread' (140692561800064): - {}\nTraceback (most recent call last):\n  File \"/home/runner/work/epic_/epic_/epic/src/claim.py\", line 151, in stash\n    await self.claim_epic_games(context)\n  File \"/home/runner/work/epic_/epic_/epic/src/claim.py\", line 122, in claim_epic_games\n    await epic.claim_weekly_games(page, single_promotions)\n  File \"/opt/hostedtoolcache/Python/3.10.13/x64/lib/python3.10/site-packages/tenacity/_asyncio.py\", line 88, in async_wrapped\n    return await fn(*args, **kwargs)\n  File \"/opt/hostedtoolcache/Python/3.10.13/x64/lib/python3.10/site-packages/tenacity/_asyncio.py\", line 47, in __call__\n    do = self.iter(retry_state=retry_state)\n  File \"/opt/hostedtoolcache/Python/3.10.13/x64/lib/python3.10/site-packages/tenacity/__init__.py\", line 325, in iter\n    raise retry_exc.reraise()\n  File \"/opt/hostedtoolcache/Python/3.10.13/x64/lib/python3.10/site-packages/tenacity/__init__.py\", line 158, in reraise\n    raise self.last_attempt.result()\n  File \"/opt/hostedtoolcache/Python/3.10.13/x64/lib/python3.10/concurrent/futures/_base.py\", line 451, in result\n    return self.__get_result()\n  File \"/opt/hostedtoolcache/Python/3.10.13/x64/lib/python3.10/concurrent/futures/_base.py\", line 403, in __get_result\n    raise self._exception\n  File \"/opt/hostedtoolcache/Python/3.10.13/x64/lib/python3.10/site-packages/tenacity/_asyncio.py\", line 50, in __call__\n    result = await fn(*args, **kwargs)\n  File \"/home/runner/work/epic_/epic_/epic/src/epic_games/agent.py\", line 338, in claim_weekly_games\n    await page.wait_for_url(recur_url)\n  File \"/opt/hostedtoolcache/Python/3.10.13/x64/lib/python3.10/site-packages/playwright/async_api/_generated.py\", line 9417, in wait_for_url\n    await self._impl_obj.wait_for_url(\n  File \"/opt/hostedtoolcache/Python/3.10.13/x64/lib/python3.10/site-packages/playwright/_impl/_page.py\", line 499, in wait_for_url\n    return await self._main_frame.wait_for_url(**locals_to_params(locals()))\n  File \"/opt/hostedtoolcache/Python/3.10.13/x64/lib/python3.10/site-packages/playwright/_impl/_frame.py\", line 227, in wait_for_url\n    async with self.expect_navigation(\n  File \"/opt/hostedtoolcache/Python/3.10.13/x64/lib/python3.10/site-packages/playwright/_impl/_event_context_manager.py\", line 33, in __aexit__\n    await self._future\n  File \"/opt/hostedtoolcache/Python/3.10.13/x64/lib/python3.10/site-packages/playwright/_impl/_frame.py\", line 202, in continuation\n    event = await waiter.result()\nplaywright._impl._errors.TimeoutError: Timeout 30000ms exceeded.\n=========================== logs ===========================\nwaiting for navigation to \"https://store.epicgames.com/en-US/cart/success\" until 'load'\n============================================================\n\nDuring handling of the above exception, another exception occurred:\n\nTraceback (most recent call last):\n  File \"/home/runner/work/epic_/epic_/epic/src/claim.py\", line 162, in <module>\n    asyncio.run(run())\n  File \"/opt/hostedtoolcache/Python/3.10.13/x64/lib/python3.10/asyncio/runners.py\", line 44, in run\n    return loop.run_until_complete(main)\n  File \"/opt/hostedtoolcache/Python/3.10.13/x64/lib/python3.10/asyncio/base_events.py\", line 636, in run_until_complete\n    self.run_forever()\n  File \"/opt/hostedtoolcache/Python/3.10.13/x64/lib/python3.10/asyncio/base_events.py\", line 603, in run_forever\n    self._run_once()\n  File \"/opt/hostedtoolcache/Python/3.10.13/x64/lib/python3.10/asyncio/base_events.py\", line 1909, in _run_once\n    handle._run()\n  File \"/opt/hostedtoolcache/Python/3.10.13/x64/lib/python3.10/asyncio/events.py\", line 80, in _run\n    self._context.run(self._callback, *self._args)\n> File \"/home/runner/work/epic_/epic_/epic/src/claim.py\", line 158, in run\n    await agent.stash()\n  File \"/home/runner/work/epic_/epic_/epic/src/claim.py\", line 139, in stash\n    async with async_playwright() as p:\n  File \"/opt/hostedtoolcache/Python/3.10.13/x64/lib/python3.10/site-packages/playwright/async_api/_context_manager.py\", line 58, in __aexit__\n    await self._connection.stop_async()\n  File \"/opt/hostedtoolcache/Python/3.10.13/x64/lib/python3.10/site-packages/playwright/_impl/_connection.py\", line 288, in stop_async\n    self.cleanup()\n  File \"/opt/hostedtoolcache/Python/3.10.13/x64/lib/python3.10/site-packages/playwright/_impl/_connection.py\", line 299, in cleanup\n    callback.future.set_exception(self._closed_error)\nasyncio.exceptions.InvalidStateError: invalid state\n", "record": {"elapsed": {"repr": "0:03:01.441899", "seconds": 181.441899}, "exception": {"type": "InvalidStateError", "value": "invalid state", "traceback": true}, "extra": {}, "file": {"name": "claim.py", "path": "/home/runner/work/epic_/epic_/epic/src/claim.py"}, "function": "run", "level": {"icon": "‚ùå", "name": "ERROR", "no": 40}, "line": 158, "message": "An error has been caught in function 'run', process 'MainProcess' (3625), thread 'MainThread' (140692561800064):", "module": "claim", "name": "__main__", "process": {"id": 3625, "name": "MainProcess"}, "thread": {"id": 140692561800064, "name": "MainThread"}, "time": {"repr": "2024-01-08 06:29:22.154681+08:00", "timestamp": 1704666562.154681}}}
