{"text": "2023-12-25 06:25:15 | INFO    | __main__:stash:131 | run - {'image': '20231121', 'version': '0.10.1.post2', 'role': 'EpicPlayer', 'headless': True}\n", "record": {"elapsed": {"repr": "0:00:01.847395", "seconds": 1.847395}, "exception": null, "extra": {"image": "20231121", "version": "0.10.1.post2", "role": "EpicPlayer", "headless": true}, "file": {"name": "claim.py", "path": "/home/runner/work/epic_/epic_/epic/src/claim.py"}, "function": "stash", "level": {"icon": "‚ÑπÔ∏è", "name": "INFO", "no": 20}, "line": 131, "message": "run", "module": "claim", "name": "__main__", "process": {"id": 3593, "name": "MainProcess"}, "thread": {"id": 139891401231232, "name": "MainThread"}, "time": {"repr": "2023-12-25 06:25:15.729950+08:00", "timestamp": 1703456715.72995}}}
{"text": "2023-12-25 06:25:21 | DEBUG    | __main__:create_tasks:66 | Put task - {'title': 'Ghostwire: Tokyo', 'url': 'https://store.epicgames.com/en-US/p/ghostwire-tokyo'}\n", "record": {"elapsed": {"repr": "0:00:07.408392", "seconds": 7.408392}, "exception": null, "extra": {"title": "Ghostwire: Tokyo", "url": "https://store.epicgames.com/en-US/p/ghostwire-tokyo"}, "file": {"name": "claim.py", "path": "/home/runner/work/epic_/epic_/epic/src/claim.py"}, "function": "create_tasks", "level": {"icon": "üêû", "name": "DEBUG", "no": 10}, "line": 66, "message": "Put task", "module": "claim", "name": "__main__", "process": {"id": 3593, "name": "MainProcess"}, "thread": {"id": 139891401231232, "name": "MainThread"}, "time": {"repr": "2023-12-25 06:25:21.290947+08:00", "timestamp": 1703456721.290947}}}
{"text": "2023-12-25 06:25:26 | INFO    | epic_games.agent:claim_weekly_games:294 | claim_weekly_games - {'action': 'go to store', 'url': 'https://store.epicgames.com/en-US/p/ghostwire-tokyo'}\n", "record": {"elapsed": {"repr": "0:00:12.260639", "seconds": 12.260639}, "exception": null, "extra": {"action": "go to store", "url": "https://store.epicgames.com/en-US/p/ghostwire-tokyo"}, "file": {"name": "agent.py", "path": "/home/runner/work/epic_/epic_/epic/src/epic_games/agent.py"}, "function": "claim_weekly_games", "level": {"icon": "‚ÑπÔ∏è", "name": "INFO", "no": 20}, "line": 294, "message": "claim_weekly_games", "module": "agent", "name": "epic_games.agent", "process": {"id": 3593, "name": "MainProcess"}, "thread": {"id": 139891401231232, "name": "MainThread"}, "time": {"repr": "2023-12-25 06:25:26.143194+08:00", "timestamp": 1703456726.143194}}}
{"text": "2023-12-25 06:25:36 | INFO    | epic_games.agent:claim_weekly_games:326 | claim_weekly_games - {'action': 'move to webPurchaseContainer iframe'}\n", "record": {"elapsed": {"repr": "0:00:23.106980", "seconds": 23.10698}, "exception": null, "extra": {"action": "move to webPurchaseContainer iframe"}, "file": {"name": "agent.py", "path": "/home/runner/work/epic_/epic_/epic/src/epic_games/agent.py"}, "function": "claim_weekly_games", "level": {"icon": "‚ÑπÔ∏è", "name": "INFO", "no": 20}, "line": 326, "message": "claim_weekly_games", "module": "agent", "name": "epic_games.agent", "process": {"id": 3593, "name": "MainProcess"}, "thread": {"id": 139891401231232, "name": "MainThread"}, "time": {"repr": "2023-12-25 06:25:36.989535+08:00", "timestamp": 1703456736.989535}}}
{"text": "2023-12-25 06:25:39 | INFO    | epic_games.agent:claim_weekly_games:328 | claim_weekly_games - {'action': 'click payment button'}\n", "record": {"elapsed": {"repr": "0:00:25.518232", "seconds": 25.518232}, "exception": null, "extra": {"action": "click payment button"}, "file": {"name": "agent.py", "path": "/home/runner/work/epic_/epic_/epic/src/epic_games/agent.py"}, "function": "claim_weekly_games", "level": {"icon": "‚ÑπÔ∏è", "name": "INFO", "no": 20}, "line": 328, "message": "claim_weekly_games", "module": "agent", "name": "epic_games.agent", "process": {"id": 3593, "name": "MainProcess"}, "thread": {"id": 139891401231232, "name": "MainThread"}, "time": {"repr": "2023-12-25 06:25:39.400787+08:00", "timestamp": 1703456739.400787}}}
{"text": "2023-12-25 06:25:44 | DEBUG    | hcaptcha_challenger.agents.playwright.control:_parse_label:241 | get task - {'prompt': 'Please cli—Åk ea—Åh image containing an elephant'}\n", "record": {"elapsed": {"repr": "0:00:30.520469", "seconds": 30.520469}, "exception": null, "extra": {"prompt": "Please cli—Åk ea—Åh image containing an elephant"}, "file": {"name": "control.py", "path": "/opt/hostedtoolcache/Python/3.10.13/x64/lib/python3.10/site-packages/hcaptcha_challenger/agents/playwright/control.py"}, "function": "_parse_label", "level": {"icon": "üêû", "name": "DEBUG", "no": 10}, "line": 241, "message": "get task", "module": "control", "name": "hcaptcha_challenger.agents.playwright.control", "process": {"id": 3593, "name": "MainProcess"}, "thread": {"id": 139891401231232, "name": "MainThread"}, "time": {"repr": "2023-12-25 06:25:44.403024+08:00", "timestamp": 1703456744.403024}}}
{"text": "2023-12-25 06:25:44 | DEBUG    | hcaptcha_challenger.agents.playwright.control:_match_model:251 | handle task - {'match_model': 'resnet', 'prompt': 'Please cli—Åk ea—Åh image containing an elephant'}\n", "record": {"elapsed": {"repr": "0:00:30.968162", "seconds": 30.968162}, "exception": null, "extra": {"match_model": "resnet", "prompt": "Please cli—Åk ea—Åh image containing an elephant"}, "file": {"name": "control.py", "path": "/opt/hostedtoolcache/Python/3.10.13/x64/lib/python3.10/site-packages/hcaptcha_challenger/agents/playwright/control.py"}, "function": "_match_model", "level": {"icon": "üêû", "name": "DEBUG", "no": 10}, "line": 251, "message": "handle task", "module": "control", "name": "hcaptcha_challenger.agents.playwright.control", "process": {"id": 3593, "name": "MainProcess"}, "thread": {"id": 139891401231232, "name": "MainThread"}, "time": {"repr": "2023-12-25 06:25:44.850717+08:00", "timestamp": 1703456744.850717}}}
{"text": "2023-12-25 06:25:49 | DEBUG    | epic_games.agent:insert_challenge:106 | task done - {'sattus': 'success'}\n", "record": {"elapsed": {"repr": "0:00:35.839731", "seconds": 35.839731}, "exception": null, "extra": {"sattus": "success"}, "file": {"name": "agent.py", "path": "/home/runner/work/epic_/epic_/epic/src/epic_games/agent.py"}, "function": "insert_challenge", "level": {"icon": "üêû", "name": "DEBUG", "no": 10}, "line": 106, "message": "task done", "module": "agent", "name": "epic_games.agent", "process": {"id": 3593, "name": "MainProcess"}, "thread": {"id": 139891401231232, "name": "MainThread"}, "time": {"repr": "2023-12-25 06:25:49.722286+08:00", "timestamp": 1703456749.722286}}}
{"text": "2023-12-25 06:26:21 | INFO    | epic_games.agent:claim_weekly_games:294 | claim_weekly_games - {'action': 'go to store', 'url': 'https://store.epicgames.com/en-US/p/ghostwire-tokyo'}\n", "record": {"elapsed": {"repr": "0:01:08.004978", "seconds": 68.004978}, "exception": null, "extra": {"action": "go to store", "url": "https://store.epicgames.com/en-US/p/ghostwire-tokyo"}, "file": {"name": "agent.py", "path": "/home/runner/work/epic_/epic_/epic/src/epic_games/agent.py"}, "function": "claim_weekly_games", "level": {"icon": "‚ÑπÔ∏è", "name": "INFO", "no": 20}, "line": 294, "message": "claim_weekly_games", "module": "agent", "name": "epic_games.agent", "process": {"id": 3593, "name": "MainProcess"}, "thread": {"id": 139891401231232, "name": "MainThread"}, "time": {"repr": "2023-12-25 06:26:21.887533+08:00", "timestamp": 1703456781.887533}}}
{"text": "2023-12-25 06:26:30 | INFO    | epic_games.agent:claim_weekly_games:326 | claim_weekly_games - {'action': 'move to webPurchaseContainer iframe'}\n", "record": {"elapsed": {"repr": "0:01:17.041811", "seconds": 77.041811}, "exception": null, "extra": {"action": "move to webPurchaseContainer iframe"}, "file": {"name": "agent.py", "path": "/home/runner/work/epic_/epic_/epic/src/epic_games/agent.py"}, "function": "claim_weekly_games", "level": {"icon": "‚ÑπÔ∏è", "name": "INFO", "no": 20}, "line": 326, "message": "claim_weekly_games", "module": "agent", "name": "epic_games.agent", "process": {"id": 3593, "name": "MainProcess"}, "thread": {"id": 139891401231232, "name": "MainThread"}, "time": {"repr": "2023-12-25 06:26:30.924366+08:00", "timestamp": 1703456790.924366}}}
{"text": "2023-12-25 06:26:33 | INFO    | epic_games.agent:claim_weekly_games:328 | claim_weekly_games - {'action': 'click payment button'}\n", "record": {"elapsed": {"repr": "0:01:19.413163", "seconds": 79.413163}, "exception": null, "extra": {"action": "click payment button"}, "file": {"name": "agent.py", "path": "/home/runner/work/epic_/epic_/epic/src/epic_games/agent.py"}, "function": "claim_weekly_games", "level": {"icon": "‚ÑπÔ∏è", "name": "INFO", "no": 20}, "line": 328, "message": "claim_weekly_games", "module": "agent", "name": "epic_games.agent", "process": {"id": 3593, "name": "MainProcess"}, "thread": {"id": 139891401231232, "name": "MainThread"}, "time": {"repr": "2023-12-25 06:26:33.295718+08:00", "timestamp": 1703456793.295718}}}
{"text": "2023-12-25 06:26:38 | DEBUG    | hcaptcha_challenger.agents.playwright.control:_parse_label:241 | get task - {'prompt': 'Please click on all images of the h–µaviest –∞nimal sp–µcies'}\n", "record": {"elapsed": {"repr": "0:01:24.415055", "seconds": 84.415055}, "exception": null, "extra": {"prompt": "Please click on all images of the h–µaviest –∞nimal sp–µcies"}, "file": {"name": "control.py", "path": "/opt/hostedtoolcache/Python/3.10.13/x64/lib/python3.10/site-packages/hcaptcha_challenger/agents/playwright/control.py"}, "function": "_parse_label", "level": {"icon": "üêû", "name": "DEBUG", "no": 10}, "line": 241, "message": "get task", "module": "control", "name": "hcaptcha_challenger.agents.playwright.control", "process": {"id": 3593, "name": "MainProcess"}, "thread": {"id": 139891401231232, "name": "MainThread"}, "time": {"repr": "2023-12-25 06:26:38.297610+08:00", "timestamp": 1703456798.29761}}}
{"text": "2023-12-25 06:26:39 | DEBUG    | hcaptcha_challenger.agents.playwright.control:_catch_all_binary_challenge:474 | handle task - {'unsupervised': 'binary', 'candidate_labels': ['This is a picture that looks like please click on all images of the heaviest animal species.', \"This is a picture that don't look like please click on all images of the heaviest animal species.\"], 'prompt': 'Please click on all images of the h–µaviest –∞nimal sp–µcies', 'timit': '0.934s'}\n", "record": {"elapsed": {"repr": "0:01:25.483623", "seconds": 85.483623}, "exception": null, "extra": {"unsupervised": "binary", "candidate_labels": ["This is a picture that looks like please click on all images of the heaviest animal species.", "This is a picture that don't look like please click on all images of the heaviest animal species."], "prompt": "Please click on all images of the h–µaviest –∞nimal sp–µcies", "timit": "0.934s"}, "file": {"name": "control.py", "path": "/opt/hostedtoolcache/Python/3.10.13/x64/lib/python3.10/site-packages/hcaptcha_challenger/agents/playwright/control.py"}, "function": "_catch_all_binary_challenge", "level": {"icon": "üêû", "name": "DEBUG", "no": 10}, "line": 474, "message": "handle task", "module": "control", "name": "hcaptcha_challenger.agents.playwright.control", "process": {"id": 3593, "name": "MainProcess"}, "thread": {"id": 139891401231232, "name": "MainThread"}, "time": {"repr": "2023-12-25 06:26:39.366178+08:00", "timestamp": 1703456799.366178}}}
{"text": "2023-12-25 06:26:47 | DEBUG    | epic_games.agent:insert_challenge:106 | task done - {'sattus': 'success'}\n", "record": {"elapsed": {"repr": "0:01:33.399732", "seconds": 93.399732}, "exception": null, "extra": {"sattus": "success"}, "file": {"name": "agent.py", "path": "/home/runner/work/epic_/epic_/epic/src/epic_games/agent.py"}, "function": "insert_challenge", "level": {"icon": "üêû", "name": "DEBUG", "no": 10}, "line": 106, "message": "task done", "module": "agent", "name": "epic_games.agent", "process": {"id": 3593, "name": "MainProcess"}, "thread": {"id": 139891401231232, "name": "MainThread"}, "time": {"repr": "2023-12-25 06:26:47.282287+08:00", "timestamp": 1703456807.282287}}}
{"text": "2023-12-25 06:27:19 | INFO    | epic_games.agent:claim_weekly_games:294 | claim_weekly_games - {'action': 'go to store', 'url': 'https://store.epicgames.com/en-US/p/ghostwire-tokyo'}\n", "record": {"elapsed": {"repr": "0:02:05.554818", "seconds": 125.554818}, "exception": null, "extra": {"action": "go to store", "url": "https://store.epicgames.com/en-US/p/ghostwire-tokyo"}, "file": {"name": "agent.py", "path": "/home/runner/work/epic_/epic_/epic/src/epic_games/agent.py"}, "function": "claim_weekly_games", "level": {"icon": "‚ÑπÔ∏è", "name": "INFO", "no": 20}, "line": 294, "message": "claim_weekly_games", "module": "agent", "name": "epic_games.agent", "process": {"id": 3593, "name": "MainProcess"}, "thread": {"id": 139891401231232, "name": "MainThread"}, "time": {"repr": "2023-12-25 06:27:19.437373+08:00", "timestamp": 1703456839.437373}}}
{"text": "2023-12-25 06:27:28 | INFO    | epic_games.agent:claim_weekly_games:326 | claim_weekly_games - {'action': 'move to webPurchaseContainer iframe'}\n", "record": {"elapsed": {"repr": "0:02:14.476380", "seconds": 134.47638}, "exception": null, "extra": {"action": "move to webPurchaseContainer iframe"}, "file": {"name": "agent.py", "path": "/home/runner/work/epic_/epic_/epic/src/epic_games/agent.py"}, "function": "claim_weekly_games", "level": {"icon": "‚ÑπÔ∏è", "name": "INFO", "no": 20}, "line": 326, "message": "claim_weekly_games", "module": "agent", "name": "epic_games.agent", "process": {"id": 3593, "name": "MainProcess"}, "thread": {"id": 139891401231232, "name": "MainThread"}, "time": {"repr": "2023-12-25 06:27:28.358935+08:00", "timestamp": 1703456848.358935}}}
{"text": "2023-12-25 06:27:30 | INFO    | epic_games.agent:claim_weekly_games:328 | claim_weekly_games - {'action': 'click payment button'}\n", "record": {"elapsed": {"repr": "0:02:16.863740", "seconds": 136.86374}, "exception": null, "extra": {"action": "click payment button"}, "file": {"name": "agent.py", "path": "/home/runner/work/epic_/epic_/epic/src/epic_games/agent.py"}, "function": "claim_weekly_games", "level": {"icon": "‚ÑπÔ∏è", "name": "INFO", "no": 20}, "line": 328, "message": "claim_weekly_games", "module": "agent", "name": "epic_games.agent", "process": {"id": 3593, "name": "MainProcess"}, "thread": {"id": 139891401231232, "name": "MainThread"}, "time": {"repr": "2023-12-25 06:27:30.746295+08:00", "timestamp": 1703456850.746295}}}
{"text": "2023-12-25 06:27:35 | DEBUG    | hcaptcha_challenger.agents.playwright.control:_parse_label:241 | get task - {'prompt': 'Œ°lease click on all imag–µs of the heaviest animal species'}\n", "record": {"elapsed": {"repr": "0:02:21.865294", "seconds": 141.865294}, "exception": null, "extra": {"prompt": "Œ°lease click on all imag–µs of the heaviest animal species"}, "file": {"name": "control.py", "path": "/opt/hostedtoolcache/Python/3.10.13/x64/lib/python3.10/site-packages/hcaptcha_challenger/agents/playwright/control.py"}, "function": "_parse_label", "level": {"icon": "üêû", "name": "DEBUG", "no": 10}, "line": 241, "message": "get task", "module": "control", "name": "hcaptcha_challenger.agents.playwright.control", "process": {"id": 3593, "name": "MainProcess"}, "thread": {"id": 139891401231232, "name": "MainThread"}, "time": {"repr": "2023-12-25 06:27:35.747849+08:00", "timestamp": 1703456855.747849}}}
{"text": "2023-12-25 06:27:36 | DEBUG    | hcaptcha_challenger.agents.playwright.control:_catch_all_binary_challenge:474 | handle task - {'unsupervised': 'binary', 'candidate_labels': ['This is a picture that looks like œÅlease click on all images of the heaviest animal species.', \"This is a picture that don't look like œÅlease click on all images of the heaviest animal species.\"], 'prompt': 'Œ°lease click on all imag–µs of the heaviest animal species', 'timit': '0.748s'}\n", "record": {"elapsed": {"repr": "0:02:22.743041", "seconds": 142.743041}, "exception": null, "extra": {"unsupervised": "binary", "candidate_labels": ["This is a picture that looks like œÅlease click on all images of the heaviest animal species.", "This is a picture that don't look like œÅlease click on all images of the heaviest animal species."], "prompt": "Œ°lease click on all imag–µs of the heaviest animal species", "timit": "0.748s"}, "file": {"name": "control.py", "path": "/opt/hostedtoolcache/Python/3.10.13/x64/lib/python3.10/site-packages/hcaptcha_challenger/agents/playwright/control.py"}, "function": "_catch_all_binary_challenge", "level": {"icon": "üêû", "name": "DEBUG", "no": 10}, "line": 474, "message": "handle task", "module": "control", "name": "hcaptcha_challenger.agents.playwright.control", "process": {"id": 3593, "name": "MainProcess"}, "thread": {"id": 139891401231232, "name": "MainThread"}, "time": {"repr": "2023-12-25 06:27:36.625596+08:00", "timestamp": 1703456856.625596}}}
{"text": "2023-12-25 06:27:51 | DEBUG    | epic_games.agent:insert_challenge:106 | task done - {'sattus': 'success'}\n", "record": {"elapsed": {"repr": "0:02:37.440890", "seconds": 157.44089}, "exception": null, "extra": {"sattus": "success"}, "file": {"name": "agent.py", "path": "/home/runner/work/epic_/epic_/epic/src/epic_games/agent.py"}, "function": "insert_challenge", "level": {"icon": "üêû", "name": "DEBUG", "no": 10}, "line": 106, "message": "task done", "module": "agent", "name": "epic_games.agent", "process": {"id": 3593, "name": "MainProcess"}, "thread": {"id": 139891401231232, "name": "MainThread"}, "time": {"repr": "2023-12-25 06:27:51.323445+08:00", "timestamp": 1703456871.323445}}}
{"text": "2023-12-25 06:28:23 | ERROR    | __main__:run:158 | An error has been caught in function 'run', process 'MainProcess' (3593), thread 'MainThread' (139891401231232): - {}\nTraceback (most recent call last):\n  File \"/home/runner/work/epic_/epic_/epic/src/claim.py\", line 151, in stash\n    await self.claim_epic_games(context)\n  File \"/home/runner/work/epic_/epic_/epic/src/claim.py\", line 122, in claim_epic_games\n    await epic.claim_weekly_games(page, single_promotions)\n  File \"/opt/hostedtoolcache/Python/3.10.13/x64/lib/python3.10/site-packages/tenacity/_asyncio.py\", line 88, in async_wrapped\n    return await fn(*args, **kwargs)\n  File \"/opt/hostedtoolcache/Python/3.10.13/x64/lib/python3.10/site-packages/tenacity/_asyncio.py\", line 47, in __call__\n    do = self.iter(retry_state=retry_state)\n  File \"/opt/hostedtoolcache/Python/3.10.13/x64/lib/python3.10/site-packages/tenacity/__init__.py\", line 325, in iter\n    raise retry_exc.reraise()\n  File \"/opt/hostedtoolcache/Python/3.10.13/x64/lib/python3.10/site-packages/tenacity/__init__.py\", line 158, in reraise\n    raise self.last_attempt.result()\n  File \"/opt/hostedtoolcache/Python/3.10.13/x64/lib/python3.10/concurrent/futures/_base.py\", line 451, in result\n    return self.__get_result()\n  File \"/opt/hostedtoolcache/Python/3.10.13/x64/lib/python3.10/concurrent/futures/_base.py\", line 403, in __get_result\n    raise self._exception\n  File \"/opt/hostedtoolcache/Python/3.10.13/x64/lib/python3.10/site-packages/tenacity/_asyncio.py\", line 50, in __call__\n    result = await fn(*args, **kwargs)\n  File \"/home/runner/work/epic_/epic_/epic/src/epic_games/agent.py\", line 338, in claim_weekly_games\n    await page.wait_for_url(recur_url)\n  File \"/opt/hostedtoolcache/Python/3.10.13/x64/lib/python3.10/site-packages/playwright/async_api/_generated.py\", line 9417, in wait_for_url\n    await self._impl_obj.wait_for_url(\n  File \"/opt/hostedtoolcache/Python/3.10.13/x64/lib/python3.10/site-packages/playwright/_impl/_page.py\", line 499, in wait_for_url\n    return await self._main_frame.wait_for_url(**locals_to_params(locals()))\n  File \"/opt/hostedtoolcache/Python/3.10.13/x64/lib/python3.10/site-packages/playwright/_impl/_frame.py\", line 227, in wait_for_url\n    async with self.expect_navigation(\n  File \"/opt/hostedtoolcache/Python/3.10.13/x64/lib/python3.10/site-packages/playwright/_impl/_event_context_manager.py\", line 33, in __aexit__\n    await self._future\n  File \"/opt/hostedtoolcache/Python/3.10.13/x64/lib/python3.10/site-packages/playwright/_impl/_frame.py\", line 202, in continuation\n    event = await waiter.result()\nplaywright._impl._errors.TimeoutError: Timeout 30000ms exceeded.\n=========================== logs ===========================\nwaiting for navigation to \"https://store.epicgames.com/en-US/cart/success\" until 'load'\n============================================================\n\nDuring handling of the above exception, another exception occurred:\n\nTraceback (most recent call last):\n  File \"/home/runner/work/epic_/epic_/epic/src/claim.py\", line 162, in <module>\n    asyncio.run(run())\n  File \"/opt/hostedtoolcache/Python/3.10.13/x64/lib/python3.10/asyncio/runners.py\", line 44, in run\n    return loop.run_until_complete(main)\n  File \"/opt/hostedtoolcache/Python/3.10.13/x64/lib/python3.10/asyncio/base_events.py\", line 636, in run_until_complete\n    self.run_forever()\n  File \"/opt/hostedtoolcache/Python/3.10.13/x64/lib/python3.10/asyncio/base_events.py\", line 603, in run_forever\n    self._run_once()\n  File \"/opt/hostedtoolcache/Python/3.10.13/x64/lib/python3.10/asyncio/base_events.py\", line 1909, in _run_once\n    handle._run()\n  File \"/opt/hostedtoolcache/Python/3.10.13/x64/lib/python3.10/asyncio/events.py\", line 80, in _run\n    self._context.run(self._callback, *self._args)\n> File \"/home/runner/work/epic_/epic_/epic/src/claim.py\", line 158, in run\n    await agent.stash()\n  File \"/home/runner/work/epic_/epic_/epic/src/claim.py\", line 139, in stash\n    async with async_playwright() as p:\n  File \"/opt/hostedtoolcache/Python/3.10.13/x64/lib/python3.10/site-packages/playwright/async_api/_context_manager.py\", line 58, in __aexit__\n    await self._connection.stop_async()\n  File \"/opt/hostedtoolcache/Python/3.10.13/x64/lib/python3.10/site-packages/playwright/_impl/_connection.py\", line 288, in stop_async\n    self.cleanup()\n  File \"/opt/hostedtoolcache/Python/3.10.13/x64/lib/python3.10/site-packages/playwright/_impl/_connection.py\", line 299, in cleanup\n    callback.future.set_exception(self._closed_error)\nasyncio.exceptions.InvalidStateError: invalid state\n", "record": {"elapsed": {"repr": "0:03:09.284163", "seconds": 189.284163}, "exception": {"type": "InvalidStateError", "value": "invalid state", "traceback": true}, "extra": {}, "file": {"name": "claim.py", "path": "/home/runner/work/epic_/epic_/epic/src/claim.py"}, "function": "run", "level": {"icon": "‚ùå", "name": "ERROR", "no": 40}, "line": 158, "message": "An error has been caught in function 'run', process 'MainProcess' (3593), thread 'MainThread' (139891401231232):", "module": "claim", "name": "__main__", "process": {"id": 3593, "name": "MainProcess"}, "thread": {"id": 139891401231232, "name": "MainThread"}, "time": {"repr": "2023-12-25 06:28:23.166718+08:00", "timestamp": 1703456903.166718}}}
